[  9%] Built target spdlog
[ 10%] Building CXX object CMakeFiles/m5tab5-emulator-core.dir/src/peripherals/sensor_fusion.cpp.o
/home/paqurin/Documents/PlatformIO/Projects/m5tab5-emulator/src/peripherals/sensor_fusion.cpp: In member function ‘void m5tab5::emulator::SensorFusion::update_kalman_filter()’:
/home/paqurin/Documents/PlatformIO/Projects/m5tab5-emulator/src/peripherals/sensor_fusion.cpp:551:16: warning: variable ‘q_gyro’ set but not used [-Wunused-but-set-variable]
  551 |     Quaternion q_gyro = Quaternion(0, gyro.x, gyro.y, gyro.z);
      |                ^~~~~~
[ 12%] Building CXX object CMakeFiles/m5tab5-emulator-core.dir/src/peripherals/spi_controller.cpp.o
[ 13%] Building CXX object CMakeFiles/m5tab5-emulator-core.dir/src/peripherals/timer_controller.cpp.o
[ 14%] Building CXX object CMakeFiles/m5tab5-emulator-core.dir/src/peripherals/uart_controller.cpp.o
[ 15%] Building CXX object CMakeFiles/m5tab5-emulator-core.dir/src/graphics/display_adapter.cpp.o
[ 16%] Building CXX object CMakeFiles/m5tab5-emulator-core.dir/src/graphics/framebuffer.cpp.o
[ 18%] Building CXX object CMakeFiles/m5tab5-emulator-core.dir/src/graphics/framebuffer_bridge.cpp.o
[ 19%] Building CXX object CMakeFiles/m5tab5-emulator-core.dir/src/graphics/graphics_engine.cpp.o
[ 20%] Building CXX object CMakeFiles/m5tab5-emulator-core.dir/src/graphics/sdl_renderer.cpp.o
[ 21%] Building CXX object CMakeFiles/m5tab5-emulator-core.dir/src/graphics/touch_input.cpp.o
[ 22%] Building CXX object CMakeFiles/m5tab5-emulator-core.dir/src/audio/audio_pipeline.cpp.o
[ 24%] Building CXX object CMakeFiles/m5tab5-emulator-core.dir/src/config/configuration.cpp.o
[ 25%] Building CXX object CMakeFiles/m5tab5-emulator-core.dir/src/debug/debugger.cpp.o
[ 26%] Building CXX object CMakeFiles/m5tab5-emulator-core.dir/src/debug/gdb_server.cpp.o
[ 27%] Building CXX object CMakeFiles/m5tab5-emulator-core.dir/src/debug/profiler.cpp.o
/home/paqurin/Documents/PlatformIO/Projects/m5tab5-emulator/src/debug/profiler.cpp: In static member function ‘static m5tab5::emulator::Result<std::unique_ptr<m5tab5::emulator::Profiler> > m5tab5::emulator::Profiler::create()’:
/home/paqurin/Documents/PlatformIO/Projects/m5tab5-emulator/src/debug/profiler.cpp:89:21: warning: redundant move in return statement [-Wredundant-move]
   89 |     return std::move(profiler);
      |            ~~~~~~~~~^~~~~~~~~~
/home/paqurin/Documents/PlatformIO/Projects/m5tab5-emulator/src/debug/profiler.cpp:89:21: note: remove ‘std::move’ call
[ 28%] Building CXX object CMakeFiles/m5tab5-emulator-core.dir/src/plugin/plugin_host.cpp.o
[ 30%] Building CXX object CMakeFiles/m5tab5-emulator-core.dir/src/plugin/plugin_loader.cpp.o
In file included from /home/paqurin/Documents/PlatformIO/Projects/m5tab5-emulator/build-debug/_deps/spdlog-src/include/spdlog/fmt/fmt.h:27,
                 from /home/paqurin/Documents/PlatformIO/Projects/m5tab5-emulator/build-debug/_deps/spdlog-src/include/spdlog/common.h:50,
                 from /home/paqurin/Documents/PlatformIO/Projects/m5tab5-emulator/build-debug/_deps/spdlog-src/include/spdlog/spdlog.h:12,
                 from /home/paqurin/Documents/PlatformIO/Projects/m5tab5-emulator/include/emulator/utils/logging.hpp:5,
                 from /home/paqurin/Documents/PlatformIO/Projects/m5tab5-emulator/src/plugin/plugin_loader.cpp:3:
/home/paqurin/Documents/PlatformIO/Projects/m5tab5-emulator/build-debug/_deps/spdlog-src/include/spdlog/fmt/bundled/core.h: In instantiation of ‘constexpr fmt::v9::detail::value<Context> fmt::v9::detail::make_value(T&&) [with Context = fmt::v9::basic_format_context<fmt::v9::appender, char>; T = const std::__cxx11::basic_string<char>&]’:
/home/paqurin/Documents/PlatformIO/Projects/m5tab5-emulator/build-debug/_deps/spdlog-src/include/spdlog/fmt/bundled/core.h:1777:29:   required from ‘constexpr fmt::v9::detail::value<Context> fmt::v9::detail::make_arg(T&&) [with bool IS_PACKED = true; Context = fmt::v9::basic_format_context<fmt::v9::appender, char>; type <anonymous> = fmt::v9::detail::type::string_type; T = const std::__cxx11::basic_string<char>&; typename std::enable_if<IS_PACKED, int>::type <anonymous> = 0]’
 1777 |   return make_value<Context>(val);
      |          ~~~~~~~~~~~~~~~~~~~^~~~~
/home/paqurin/Documents/PlatformIO/Projects/m5tab5-emulator/build-debug/_deps/spdlog-src/include/spdlog/fmt/bundled/core.h:1901:77:   required from ‘constexpr fmt::v9::format_arg_store<Context, Args>::format_arg_store(T&& ...) [with T = {const std::__cxx11::basic_string<char, std::char_traits<char>, std::allocator<char> >&, const char*&}; Context = fmt::v9::basic_format_context<fmt::v9::appender, char>; Args = {std::__cxx11::basic_string<char, std::char_traits<char>, std::allocator<char> >, const char*}]’
 1899 |         data_{detail::make_arg<
      |               ~~~~~~~~~~~~~~~~~                                              
 1900 |             is_packed, Context,
      |             ~~~~~~~~~~~~~~~~~~~                                              
 1901 |             detail::mapped_type_constant<remove_cvref_t<T>, Context>::value>(
      |             ~~~~~~~~~~~~~~~~~~~~~~~~~~~~~~~~~~~~~~~~~~~~~~~~~~~~~~~~~~~~~~~~^
 1902 |             FMT_FORWARD(args))...} {
      |             ~~~~~~~~~~~~~~~~~~                                               
/home/paqurin/Documents/PlatformIO/Projects/m5tab5-emulator/build-debug/_deps/spdlog-src/include/spdlog/fmt/bundled/core.h:1918:31:   required from ‘void spdlog::logger::log_(spdlog::source_loc, spdlog::level::level_enum, spdlog::string_view_t, Args&& ...) [with Args = {const std::__cxx11::basic_string<char, std::char_traits<char>, std::allocator<char> >&, const char*}; spdlog::string_view_t = fmt::v9::basic_string_view<char>]’
 1918 |   return {FMT_FORWARD(args)...};
      |                               ^
/home/paqurin/Documents/PlatformIO/Projects/m5tab5-emulator/build-debug/_deps/spdlog-src/include/spdlog/logger.h:90:13:   required from ‘void spdlog::logger::log(spdlog::source_loc, spdlog::level::level_enum, fmt::v9::format_string<T ...>, Args&& ...) [with Args = {const std::__cxx11::basic_string<char, std::char_traits<char>, std::allocator<char> >&, const char*}; fmt::v9::format_string<T ...> = fmt::v9::basic_format_string<char, const std::__cxx11::basic_string<char, std::char_traits<char>, std::allocator<char> >&, const char*>]’
   90 |         log_(loc, lvl, details::to_string_view(fmt), std::forward<Args>(args)...);
      |         ~~~~^~~~~~~~~~~~~~~~~~~~~~~~~~~~~~~~~~~~~~~~~~~~~~~~~~~~~~~~~~~~~~~~~~~~~
/home/paqurin/Documents/PlatformIO/Projects/m5tab5-emulator/build-debug/_deps/spdlog-src/include/spdlog/logger.h:96:12:   required from ‘void spdlog::logger::log(spdlog::level::level_enum, fmt::v9::format_string<T ...>, Args&& ...) [with Args = {const std::__cxx11::basic_string<char, std::char_traits<char>, std::allocator<char> >&, const char*}; fmt::v9::format_string<T ...> = fmt::v9::basic_format_string<char, const std::__cxx11::basic_string<char, std::char_traits<char>, std::allocator<char> >&, const char*>]’
   96 |         log(source_loc{}, lvl, fmt, std::forward<Args>(args)...);
      |         ~~~^~~~~~~~~~~~~~~~~~~~~~~~~~~~~~~~~~~~~~~~~~~~~~~~~~~~~
/home/paqurin/Documents/PlatformIO/Projects/m5tab5-emulator/build-debug/_deps/spdlog-src/include/spdlog/logger.h:170:12:   required from ‘void spdlog::logger::error(fmt::v9::format_string<T ...>, Args&& ...) [with Args = {const std::__cxx11::basic_string<char, std::char_traits<char>, std::allocator<char> >&, const char*}; fmt::v9::format_string<T ...> = fmt::v9::basic_format_string<char, const std::__cxx11::basic_string<char, std::char_traits<char>, std::allocator<char> >&, const char*>]’
  170 |         log(level::err, fmt, std::forward<Args>(args)...);
      |         ~~~^~~~~~~~~~~~~~~~~~~~~~~~~~~~~~~~~~~~~~~~~~~~~~
/home/paqurin/Documents/PlatformIO/Projects/m5tab5-emulator/include/emulator/utils/logging.hpp:94:26:   required from ‘static void m5tab5::emulator::Logger::error(const std::string&, Args&& ...) [with Args = {const std::__cxx11::basic_string<char, std::char_traits<char>, std::allocator<char> >&, const char*}; std::string = std::__cxx11::basic_string<char>]’
   94 |             logger->error(fmt::runtime(format), std::forward<Args>(args)...);
      |             ~~~~~~~~~~~~~^~~~~~~~~~~~~~~~~~~~~~~~~~~~~~~~~~~~~~~~~~~~~~~~~~~
/home/paqurin/Documents/PlatformIO/Projects/m5tab5-emulator/src/plugin/plugin_loader.cpp:42:13:   required from here
  132 | #define LOG_ERROR(...) ::m5tab5::emulator::Logger::error(__VA_ARGS__)
      |                        ~~~~~~~~~~~~~~~~~~~~~~~~~~~~~~~~~^~~~~~~~~~~~~
/home/paqurin/Documents/PlatformIO/Projects/m5tab5-emulator/build-debug/_deps/spdlog-src/include/spdlog/logger.h:374:75:   in ‘constexpr’ expansion of ‘fmt::v9::make_format_args<>(args#0, ((const char*&)args#1))’
/home/paqurin/Documents/PlatformIO/Projects/m5tab5-emulator/build-debug/_deps/spdlog-src/include/spdlog/fmt/bundled/core.h:1735:15: warning: possibly dangling reference to a temporary [-Wdangling-reference]
 1735 |   const auto& arg = arg_mapper<Context>().map(FMT_FORWARD(val));
      |               ^~~
/home/paqurin/Documents/PlatformIO/Projects/m5tab5-emulator/build-debug/_deps/spdlog-src/include/spdlog/fmt/bundled/core.h:1735:46: note: the temporary was destroyed at the end of the full expression ‘fmt::v9::detail::arg_mapper<fmt::v9::basic_format_context<fmt::v9::appender, char> >().fmt::v9::detail::arg_mapper<fmt::v9::basic_format_context<fmt::v9::appender, char> >::map<std::__cxx11::basic_string<char> >((* & val))’
 1735 |   const auto& arg = arg_mapper<Context>().map(FMT_FORWARD(val));
      |                     ~~~~~~~~~~~~~~~~~~~~~~~~~^~~~~~~~~~~~~~~~~~
/home/paqurin/Documents/PlatformIO/Projects/m5tab5-emulator/build-debug/_deps/spdlog-src/include/spdlog/fmt/bundled/core.h: In instantiation of ‘constexpr fmt::v9::detail::value<Context> fmt::v9::detail::make_value(T&&) [with Context = fmt::v9::basic_format_context<fmt::v9::appender, char>; T = std::__cxx11::basic_string<char>&]’:
/home/paqurin/Documents/PlatformIO/Projects/m5tab5-emulator/build-debug/_deps/spdlog-src/include/spdlog/fmt/bundled/core.h:1777:29:   required from ‘constexpr fmt::v9::detail::value<Context> fmt::v9::detail::make_arg(T&&) [with bool IS_PACKED = true; Context = fmt::v9::basic_format_context<fmt::v9::appender, char>; type <anonymous> = fmt::v9::detail::type::string_type; T = std::__cxx11::basic_string<char>&; typename std::enable_if<IS_PACKED, int>::type <anonymous> = 0]’
 1777 |   return make_value<Context>(val);
      |          ~~~~~~~~~~~~~~~~~~~^~~~~
/home/paqurin/Documents/PlatformIO/Projects/m5tab5-emulator/build-debug/_deps/spdlog-src/include/spdlog/fmt/bundled/core.h:1901:77:   required from ‘constexpr fmt::v9::format_arg_store<Context, Args>::format_arg_store(T&& ...) [with T = {std::__cxx11::basic_string<char, std::char_traits<char>, std::allocator<char> >&, std::__cxx11::basic_string<char, std::char_traits<char>, std::allocator<char> >&, std::__cxx11::basic_string<char, std::char_traits<char>, std::allocator<char> >&}; Context = fmt::v9::basic_format_context<fmt::v9::appender, char>; Args = {std::__cxx11::basic_string<char, std::char_traits<char>, std::allocator<char> >, std::__cxx11::basic_string<char, std::char_traits<char>, std::allocator<char> >, std::__cxx11::basic_string<char, std::char_traits<char>, std::allocator<char> >}]’
 1899 |         data_{detail::make_arg<
      |               ~~~~~~~~~~~~~~~~~                                              
 1900 |             is_packed, Context,
      |             ~~~~~~~~~~~~~~~~~~~                                              
 1901 |             detail::mapped_type_constant<remove_cvref_t<T>, Context>::value>(
      |             ~~~~~~~~~~~~~~~~~~~~~~~~~~~~~~~~~~~~~~~~~~~~~~~~~~~~~~~~~~~~~~~~^
 1902 |             FMT_FORWARD(args))...} {
      |             ~~~~~~~~~~~~~~~~~~                                               
/home/paqurin/Documents/PlatformIO/Projects/m5tab5-emulator/build-debug/_deps/spdlog-src/include/spdlog/fmt/bundled/core.h:1918:31:   required from ‘void spdlog::logger::log_(spdlog::source_loc, spdlog::level::level_enum, spdlog::string_view_t, Args&& ...) [with Args = {std::__cxx11::basic_string<char, std::char_traits<char>, std::allocator<char> >&, std::__cxx11::basic_string<char, std::char_traits<char>, std::allocator<char> >&, std::__cxx11::basic_string<char, std::char_traits<char>, std::allocator<char> >&}; spdlog::string_view_t = fmt::v9::basic_string_view<char>]’
 1918 |   return {FMT_FORWARD(args)...};
      |                               ^
/home/paqurin/Documents/PlatformIO/Projects/m5tab5-emulator/build-debug/_deps/spdlog-src/include/spdlog/logger.h:90:13:   required from ‘void spdlog::logger::log(spdlog::source_loc, spdlog::level::level_enum, fmt::v9::format_string<T ...>, Args&& ...) [with Args = {std::__cxx11::basic_string<char, std::char_traits<char>, std::allocator<char> >&, std::__cxx11::basic_string<char, std::char_traits<char>, std::allocator<char> >&, std::__cxx11::basic_string<char, std::char_traits<char>, std::allocator<char> >&}; fmt::v9::format_string<T ...> = fmt::v9::basic_format_string<char, std::__cxx11::basic_string<char, std::char_traits<char>, std::allocator<char> >&, std::__cxx11::basic_string<char, std::char_traits<char>, std::allocator<char> >&, std::__cxx11::basic_string<char, std::char_traits<char>, std::allocator<char> >&>]’
   90 |         log_(loc, lvl, details::to_string_view(fmt), std::forward<Args>(args)...);
      |         ~~~~^~~~~~~~~~~~~~~~~~~~~~~~~~~~~~~~~~~~~~~~~~~~~~~~~~~~~~~~~~~~~~~~~~~~~
/home/paqurin/Documents/PlatformIO/Projects/m5tab5-emulator/build-debug/_deps/spdlog-src/include/spdlog/logger.h:96:12:   required from ‘void spdlog::logger::log(spdlog::level::level_enum, fmt::v9::format_string<T ...>, Args&& ...) [with Args = {std::__cxx11::basic_string<char, std::char_traits<char>, std::allocator<char> >&, std::__cxx11::basic_string<char, std::char_traits<char>, std::allocator<char> >&, std::__cxx11::basic_string<char, std::char_traits<char>, std::allocator<char> >&}; fmt::v9::format_string<T ...> = fmt::v9::basic_format_string<char, std::__cxx11::basic_string<char, std::char_traits<char>, std::allocator<char> >&, std::__cxx11::basic_string<char, std::char_traits<char>, std::allocator<char> >&, std::__cxx11::basic_string<char, std::char_traits<char>, std::allocator<char> >&>]’
   96 |         log(source_loc{}, lvl, fmt, std::forward<Args>(args)...);
      |         ~~~^~~~~~~~~~~~~~~~~~~~~~~~~~~~~~~~~~~~~~~~~~~~~~~~~~~~~
/home/paqurin/Documents/PlatformIO/Projects/m5tab5-emulator/build-debug/_deps/spdlog-src/include/spdlog/logger.h:158:12:   required from ‘void spdlog::logger::info(fmt::v9::format_string<T ...>, Args&& ...) [with Args = {std::__cxx11::basic_string<char, std::char_traits<char>, std::allocator<char> >&, std::__cxx11::basic_string<char, std::char_traits<char>, std::allocator<char> >&, std::__cxx11::basic_string<char, std::char_traits<char>, std::allocator<char> >&}; fmt::v9::format_string<T ...> = fmt::v9::basic_format_string<char, std::__cxx11::basic_string<char, std::char_traits<char>, std::allocator<char> >&, std::__cxx11::basic_string<char, std::char_traits<char>, std::allocator<char> >&, std::__cxx11::basic_string<char, std::char_traits<char>, std::allocator<char> >&>]’
  158 |         log(level::info, fmt, std::forward<Args>(args)...);
      |         ~~~^~~~~~~~~~~~~~~~~~~~~~~~~~~~~~~~~~~~~~~~~~~~~~~
/home/paqurin/Documents/PlatformIO/Projects/m5tab5-emulator/include/emulator/utils/logging.hpp:66:25:   required from ‘static void m5tab5::emulator::Logger::info(const std::string&, Args&& ...) [with Args = {std::__cxx11::basic_string<char, std::char_traits<char>, std::allocator<char> >&, std::__cxx11::basic_string<char, std::char_traits<char>, std::allocator<char> >&, std::__cxx11::basic_string<char, std::char_traits<char>, std::allocator<char> >&}; std::string = std::__cxx11::basic_string<char>]’
   66 |             logger->info(fmt::runtime(format), std::forward<Args>(args)...);
      |             ~~~~~~~~~~~~^~~~~~~~~~~~~~~~~~~~~~~~~~~~~~~~~~~~~~~~~~~~~~~~~~~
/home/paqurin/Documents/PlatformIO/Projects/m5tab5-emulator/src/plugin/plugin_loader.cpp:74:9:   required from here
  130 | #define LOG_INFO(...) ::m5tab5::emulator::Logger::info(__VA_ARGS__)
      |                       ~~~~~~~~~~~~~~~~~~~~~~~~~~~~~~~~^~~~~~~~~~~~~
/home/paqurin/Documents/PlatformIO/Projects/m5tab5-emulator/build-debug/_deps/spdlog-src/include/spdlog/logger.h:374:75:   in ‘constexpr’ expansion of ‘fmt::v9::make_format_args<>(args#0, args#1, args#2)’
/home/paqurin/Documents/PlatformIO/Projects/m5tab5-emulator/build-debug/_deps/spdlog-src/include/spdlog/fmt/bundled/core.h:1735:15: warning: possibly dangling reference to a temporary [-Wdangling-reference]
 1735 |   const auto& arg = arg_mapper<Context>().map(FMT_FORWARD(val));
      |               ^~~
/home/paqurin/Documents/PlatformIO/Projects/m5tab5-emulator/build-debug/_deps/spdlog-src/include/spdlog/fmt/bundled/core.h:1735:46: note: the temporary was destroyed at the end of the full expression ‘fmt::v9::detail::arg_mapper<fmt::v9::basic_format_context<fmt::v9::appender, char> >().fmt::v9::detail::arg_mapper<fmt::v9::basic_format_context<fmt::v9::appender, char> >::map<std::__cxx11::basic_string<char> >((*(const std::__cxx11::basic_string<char>*)(& val)))’
 1735 |   const auto& arg = arg_mapper<Context>().map(FMT_FORWARD(val));
      |                     ~~~~~~~~~~~~~~~~~~~~~~~~~^~~~~~~~~~~~~~~~~~
[ 31%] Building CXX object CMakeFiles/m5tab5-emulator-core.dir/src/plugin/plugin_manager.cpp.o
[ 32%] Building CXX object CMakeFiles/m5tab5-emulator-core.dir/src/utils/error.cpp.o
[ 33%] Building CXX object CMakeFiles/m5tab5-emulator-core.dir/src/utils/logging.cpp.o
[ 34%] Building CXX object CMakeFiles/m5tab5-emulator-core.dir/src/utils/shutdown_manager.cpp.o
[ 36%] Building CXX object CMakeFiles/m5tab5-emulator-core.dir/src/freertos/freertos_kernel.cpp.o
[ 37%] Building CXX object CMakeFiles/m5tab5-emulator-core.dir/src/freertos/synchronization.cpp.o
[ 38%] Building CXX object CMakeFiles/m5tab5-emulator-core.dir/src/freertos/task.cpp.o
In file included from /home/paqurin/Documents/PlatformIO/Projects/m5tab5-emulator/build-debug/_deps/spdlog-src/include/spdlog/fmt/fmt.h:27,
                 from /home/paqurin/Documents/PlatformIO/Projects/m5tab5-emulator/build-debug/_deps/spdlog-src/include/spdlog/common.h:50,
                 from /home/paqurin/Documents/PlatformIO/Projects/m5tab5-emulator/build-debug/_deps/spdlog-src/include/spdlog/spdlog.h:12,
                 from /home/paqurin/Documents/PlatformIO/Projects/m5tab5-emulator/include/emulator/utils/logging.hpp:5,
                 from /home/paqurin/Documents/PlatformIO/Projects/m5tab5-emulator/src/freertos/task.cpp:4:
/home/paqurin/Documents/PlatformIO/Projects/m5tab5-emulator/build-debug/_deps/spdlog-src/include/spdlog/fmt/bundled/core.h: In instantiation of ‘constexpr fmt::v9::detail::value<Context> fmt::v9::detail::make_value(T&&) [with Context = fmt::v9::basic_format_context<fmt::v9::appender, char>; T = std::__cxx11::basic_string<char>&]’:
/home/paqurin/Documents/PlatformIO/Projects/m5tab5-emulator/build-debug/_deps/spdlog-src/include/spdlog/fmt/bundled/core.h:1777:29:   required from ‘constexpr fmt::v9::detail::value<Context> fmt::v9::detail::make_arg(T&&) [with bool IS_PACKED = true; Context = fmt::v9::basic_format_context<fmt::v9::appender, char>; type <anonymous> = fmt::v9::detail::type::string_type; T = std::__cxx11::basic_string<char>&; typename std::enable_if<IS_PACKED, int>::type <anonymous> = 0]’
 1777 |   return make_value<Context>(val);
      |          ~~~~~~~~~~~~~~~~~~~^~~~~
/home/paqurin/Documents/PlatformIO/Projects/m5tab5-emulator/build-debug/_deps/spdlog-src/include/spdlog/fmt/bundled/core.h:1901:77:   required from ‘constexpr fmt::v9::format_arg_store<Context, Args>::format_arg_store(T&& ...) [with T = {std::__cxx11::basic_string<char, std::char_traits<char>, std::allocator<char> >&, short unsigned int&}; Context = fmt::v9::basic_format_context<fmt::v9::appender, char>; Args = {std::__cxx11::basic_string<char, std::char_traits<char>, std::allocator<char> >, short unsigned int}]’
 1899 |         data_{detail::make_arg<
      |               ~~~~~~~~~~~~~~~~~                                              
 1900 |             is_packed, Context,
      |             ~~~~~~~~~~~~~~~~~~~                                              
 1901 |             detail::mapped_type_constant<remove_cvref_t<T>, Context>::value>(
      |             ~~~~~~~~~~~~~~~~~~~~~~~~~~~~~~~~~~~~~~~~~~~~~~~~~~~~~~~~~~~~~~~~^
 1902 |             FMT_FORWARD(args))...} {
      |             ~~~~~~~~~~~~~~~~~~                                               
/home/paqurin/Documents/PlatformIO/Projects/m5tab5-emulator/build-debug/_deps/spdlog-src/include/spdlog/fmt/bundled/core.h:1918:31:   required from ‘void spdlog::logger::log_(spdlog::source_loc, spdlog::level::level_enum, spdlog::string_view_t, Args&& ...) [with Args = {std::__cxx11::basic_string<char, std::char_traits<char>, std::allocator<char> >&, short unsigned int&}; spdlog::string_view_t = fmt::v9::basic_string_view<char>]’
 1918 |   return {FMT_FORWARD(args)...};
      |                               ^
/home/paqurin/Documents/PlatformIO/Projects/m5tab5-emulator/build-debug/_deps/spdlog-src/include/spdlog/logger.h:90:13:   required from ‘void spdlog::logger::log(spdlog::source_loc, spdlog::level::level_enum, fmt::v9::format_string<T ...>, Args&& ...) [with Args = {std::__cxx11::basic_string<char, std::char_traits<char>, std::allocator<char> >&, short unsigned int&}; fmt::v9::format_string<T ...> = fmt::v9::basic_format_string<char, std::__cxx11::basic_string<char, std::char_traits<char>, std::allocator<char> >&, short unsigned int&>]’
   90 |         log_(loc, lvl, details::to_string_view(fmt), std::forward<Args>(args)...);
      |         ~~~~^~~~~~~~~~~~~~~~~~~~~~~~~~~~~~~~~~~~~~~~~~~~~~~~~~~~~~~~~~~~~~~~~~~~~
/home/paqurin/Documents/PlatformIO/Projects/m5tab5-emulator/build-debug/_deps/spdlog-src/include/spdlog/logger.h:96:12:   required from ‘void spdlog::logger::log(spdlog::level::level_enum, fmt::v9::format_string<T ...>, Args&& ...) [with Args = {std::__cxx11::basic_string<char, std::char_traits<char>, std::allocator<char> >&, short unsigned int&}; fmt::v9::format_string<T ...> = fmt::v9::basic_format_string<char, std::__cxx11::basic_string<char, std::char_traits<char>, std::allocator<char> >&, short unsigned int&>]’
   96 |         log(source_loc{}, lvl, fmt, std::forward<Args>(args)...);
      |         ~~~^~~~~~~~~~~~~~~~~~~~~~~~~~~~~~~~~~~~~~~~~~~~~~~~~~~~~
/home/paqurin/Documents/PlatformIO/Projects/m5tab5-emulator/build-debug/_deps/spdlog-src/include/spdlog/logger.h:152:12:   required from ‘void spdlog::logger::debug(fmt::v9::format_string<T ...>, Args&& ...) [with Args = {std::__cxx11::basic_string<char, std::char_traits<char>, std::allocator<char> >&, short unsigned int&}; fmt::v9::format_string<T ...> = fmt::v9::basic_format_string<char, std::__cxx11::basic_string<char, std::char_traits<char>, std::allocator<char> >&, short unsigned int&>]’
  152 |         log(level::debug, fmt, std::forward<Args>(args)...);
      |         ~~~^~~~~~~~~~~~~~~~~~~~~~~~~~~~~~~~~~~~~~~~~~~~~~~~
/home/paqurin/Documents/PlatformIO/Projects/m5tab5-emulator/include/emulator/utils/logging.hpp:52:26:   required from ‘static void m5tab5::emulator::Logger::debug(const std::string&, Args&& ...) [with Args = {std::__cxx11::basic_string<char, std::char_traits<char>, std::allocator<char> >&, short unsigned int&}; std::string = std::__cxx11::basic_string<char>]’
   52 |             logger->debug(fmt::runtime(format), std::forward<Args>(args)...);
      |             ~~~~~~~~~~~~~^~~~~~~~~~~~~~~~~~~~~~~~~~~~~~~~~~~~~~~~~~~~~~~~~~~
/home/paqurin/Documents/PlatformIO/Projects/m5tab5-emulator/src/freertos/task.cpp:30:5:   required from here
  129 | #define LOG_DEBUG(...) ::m5tab5::emulator::Logger::debug(__VA_ARGS__)
      |                        ~~~~~~~~~~~~~~~~~~~~~~~~~~~~~~~~~^~~~~~~~~~~~~
/home/paqurin/Documents/PlatformIO/Projects/m5tab5-emulator/build-debug/_deps/spdlog-src/include/spdlog/logger.h:374:75:   in ‘constexpr’ expansion of ‘fmt::v9::make_format_args<>(args#0, args#1)’
/home/paqurin/Documents/PlatformIO/Projects/m5tab5-emulator/build-debug/_deps/spdlog-src/include/spdlog/fmt/bundled/core.h:1735:15: warning: possibly dangling reference to a temporary [-Wdangling-reference]
 1735 |   const auto& arg = arg_mapper<Context>().map(FMT_FORWARD(val));
      |               ^~~
/home/paqurin/Documents/PlatformIO/Projects/m5tab5-emulator/build-debug/_deps/spdlog-src/include/spdlog/fmt/bundled/core.h:1735:46: note: the temporary was destroyed at the end of the full expression ‘fmt::v9::detail::arg_mapper<fmt::v9::basic_format_context<fmt::v9::appender, char> >().fmt::v9::detail::arg_mapper<fmt::v9::basic_format_context<fmt::v9::appender, char> >::map<std::__cxx11::basic_string<char> >((*(const std::__cxx11::basic_string<char>*)(& val)))’
 1735 |   const auto& arg = arg_mapper<Context>().map(FMT_FORWARD(val));
      |                     ~~~~~~~~~~~~~~~~~~~~~~~~~^~~~~~~~~~~~~~~~~~
[ 39%] Building CXX object CMakeFiles/m5tab5-emulator-core.dir/src/freertos/task_scheduler.cpp.o
/home/paqurin/Documents/PlatformIO/Projects/m5tab5-emulator/src/freertos/task_scheduler.cpp: In member function ‘void m5tab5::emulator::freertos::TaskScheduler::remove_task_from_ready_queue(m5tab5::emulator::freertos::Task*)’:
/home/paqurin/Documents/PlatformIO/Projects/m5tab5-emulator/src/freertos/task_scheduler.cpp:267:37: warning: comparison of integer expressions of different signedness: ‘int’ and ‘const m5tab5::emulator::freertos::UBaseType_t’ {aka ‘const unsigned int’} [-Wsign-compare]
  267 |     for (int priority = 0; priority < configMAX_PRIORITIES; ++priority) {
      |                            ~~~~~~~~~^~~~~~~~~~~~~~~~~~~~~~
/home/paqurin/Documents/PlatformIO/Projects/m5tab5-emulator/src/freertos/task_scheduler.cpp: In member function ‘void m5tab5::emulator::freertos::TaskScheduler::balance_cores()’:
/home/paqurin/Documents/PlatformIO/Projects/m5tab5-emulator/src/freertos/task_scheduler.cpp:448:37: warning: comparison of integer expressions of different signedness: ‘int’ and ‘const m5tab5::emulator::freertos::UBaseType_t’ {aka ‘const unsigned int’} [-Wsign-compare]
  448 |     for (int priority = 0; priority < configMAX_PRIORITIES; ++priority) {
      |                            ~~~~~~~~~^~~~~~~~~~~~~~~~~~~~~~
/home/paqurin/Documents/PlatformIO/Projects/m5tab5-emulator/src/freertos/task_scheduler.cpp: In member function ‘m5tab5::emulator::freertos::TaskScheduler::CoreAssignment m5tab5::emulator::freertos::TaskScheduler::determine_best_core(const m5tab5::emulator::freertos::Task*) const’:
/home/paqurin/Documents/PlatformIO/Projects/m5tab5-emulator/src/freertos/task_scheduler.cpp:549:37: warning: comparison of integer expressions of different signedness: ‘int’ and ‘const m5tab5::emulator::freertos::UBaseType_t’ {aka ‘const unsigned int’} [-Wsign-compare]
  549 |     for (int priority = 0; priority < configMAX_PRIORITIES; ++priority) {
      |                            ~~~~~~~~~^~~~~~~~~~~~~~~~~~~~~~
In file included from /home/paqurin/Documents/PlatformIO/Projects/m5tab5-emulator/build-debug/_deps/spdlog-src/include/spdlog/fmt/fmt.h:27,
                 from /home/paqurin/Documents/PlatformIO/Projects/m5tab5-emulator/build-debug/_deps/spdlog-src/include/spdlog/common.h:50,
                 from /home/paqurin/Documents/PlatformIO/Projects/m5tab5-emulator/build-debug/_deps/spdlog-src/include/spdlog/spdlog.h:12,
                 from /home/paqurin/Documents/PlatformIO/Projects/m5tab5-emulator/include/emulator/utils/logging.hpp:5,
                 from /home/paqurin/Documents/PlatformIO/Projects/m5tab5-emulator/src/freertos/task_scheduler.cpp:3:
/home/paqurin/Documents/PlatformIO/Projects/m5tab5-emulator/build-debug/_deps/spdlog-src/include/spdlog/fmt/bundled/core.h: In instantiation of ‘constexpr fmt::v9::detail::value<Context> fmt::v9::detail::make_value(T&&) [with Context = fmt::v9::basic_format_context<fmt::v9::appender, char>; T = const std::__cxx11::basic_string<char>&]’:
/home/paqurin/Documents/PlatformIO/Projects/m5tab5-emulator/build-debug/_deps/spdlog-src/include/spdlog/fmt/bundled/core.h:1777:29:   required from ‘constexpr fmt::v9::detail::value<Context> fmt::v9::detail::make_arg(T&&) [with bool IS_PACKED = true; Context = fmt::v9::basic_format_context<fmt::v9::appender, char>; type <anonymous> = fmt::v9::detail::type::string_type; T = const std::__cxx11::basic_string<char>&; typename std::enable_if<IS_PACKED, int>::type <anonymous> = 0]’
 1777 |   return make_value<Context>(val);
      |          ~~~~~~~~~~~~~~~~~~~^~~~~
/home/paqurin/Documents/PlatformIO/Projects/m5tab5-emulator/build-debug/_deps/spdlog-src/include/spdlog/fmt/bundled/core.h:1901:77:   required from ‘constexpr fmt::v9::format_arg_store<Context, Args>::format_arg_store(T&& ...) [with T = {const std::__cxx11::basic_string<char, std::char_traits<char>, std::allocator<char> >&, const unsigned int&, const unsigned int&}; Context = fmt::v9::basic_format_context<fmt::v9::appender, char>; Args = {std::__cxx11::basic_string<char, std::char_traits<char>, std::allocator<char> >, unsigned int, unsigned int}]’
 1899 |         data_{detail::make_arg<
      |               ~~~~~~~~~~~~~~~~~                                              
 1900 |             is_packed, Context,
      |             ~~~~~~~~~~~~~~~~~~~                                              
 1901 |             detail::mapped_type_constant<remove_cvref_t<T>, Context>::value>(
      |             ~~~~~~~~~~~~~~~~~~~~~~~~~~~~~~~~~~~~~~~~~~~~~~~~~~~~~~~~~~~~~~~~^
 1902 |             FMT_FORWARD(args))...} {
      |             ~~~~~~~~~~~~~~~~~~                                               
/home/paqurin/Documents/PlatformIO/Projects/m5tab5-emulator/build-debug/_deps/spdlog-src/include/spdlog/fmt/bundled/core.h:1918:31:   required from ‘void spdlog::logger::log_(spdlog::source_loc, spdlog::level::level_enum, spdlog::string_view_t, Args&& ...) [with Args = {const std::__cxx11::basic_string<char, std::char_traits<char>, std::allocator<char> >&, const unsigned int&, const unsigned int&}; spdlog::string_view_t = fmt::v9::basic_string_view<char>]’
 1918 |   return {FMT_FORWARD(args)...};
      |                               ^
/home/paqurin/Documents/PlatformIO/Projects/m5tab5-emulator/build-debug/_deps/spdlog-src/include/spdlog/logger.h:90:13:   required from ‘void spdlog::logger::log(spdlog::source_loc, spdlog::level::level_enum, fmt::v9::format_string<T ...>, Args&& ...) [with Args = {const std::__cxx11::basic_string<char, std::char_traits<char>, std::allocator<char> >&, const unsigned int&, const unsigned int&}; fmt::v9::format_string<T ...> = fmt::v9::basic_format_string<char, const std::__cxx11::basic_string<char, std::char_traits<char>, std::allocator<char> >&, const unsigned int&, const unsigned int&>]’
   90 |         log_(loc, lvl, details::to_string_view(fmt), std::forward<Args>(args)...);
      |         ~~~~^~~~~~~~~~~~~~~~~~~~~~~~~~~~~~~~~~~~~~~~~~~~~~~~~~~~~~~~~~~~~~~~~~~~~
/home/paqurin/Documents/PlatformIO/Projects/m5tab5-emulator/build-debug/_deps/spdlog-src/include/spdlog/logger.h:96:12:   required from ‘void spdlog::logger::log(spdlog::level::level_enum, fmt::v9::format_string<T ...>, Args&& ...) [with Args = {const std::__cxx11::basic_string<char, std::char_traits<char>, std::allocator<char> >&, const unsigned int&, const unsigned int&}; fmt::v9::format_string<T ...> = fmt::v9::basic_format_string<char, const std::__cxx11::basic_string<char, std::char_traits<char>, std::allocator<char> >&, const unsigned int&, const unsigned int&>]’
   96 |         log(source_loc{}, lvl, fmt, std::forward<Args>(args)...);
      |         ~~~^~~~~~~~~~~~~~~~~~~~~~~~~~~~~~~~~~~~~~~~~~~~~~~~~~~~~
/home/paqurin/Documents/PlatformIO/Projects/m5tab5-emulator/build-debug/_deps/spdlog-src/include/spdlog/logger.h:152:12:   required from ‘void spdlog::logger::debug(fmt::v9::format_string<T ...>, Args&& ...) [with Args = {const std::__cxx11::basic_string<char, std::char_traits<char>, std::allocator<char> >&, const unsigned int&, const unsigned int&}; fmt::v9::format_string<T ...> = fmt::v9::basic_format_string<char, const std::__cxx11::basic_string<char, std::char_traits<char>, std::allocator<char> >&, const unsigned int&, const unsigned int&>]’
  152 |         log(level::debug, fmt, std::forward<Args>(args)...);
      |         ~~~^~~~~~~~~~~~~~~~~~~~~~~~~~~~~~~~~~~~~~~~~~~~~~~~
/home/paqurin/Documents/PlatformIO/Projects/m5tab5-emulator/include/emulator/utils/logging.hpp:52:26:   required from ‘static void m5tab5::emulator::Logger::debug(const std::string&, Args&& ...) [with Args = {const std::__cxx11::basic_string<char, std::char_traits<char>, std::allocator<char> >&, const unsigned int&, const unsigned int&}; std::string = std::__cxx11::basic_string<char>]’
   52 |             logger->debug(fmt::runtime(format), std::forward<Args>(args)...);
      |             ~~~~~~~~~~~~~^~~~~~~~~~~~~~~~~~~~~~~~~~~~~~~~~~~~~~~~~~~~~~~~~~~
/home/paqurin/Documents/PlatformIO/Projects/m5tab5-emulator/src/freertos/task_scheduler.cpp:133:5:   required from here
  129 | #define LOG_DEBUG(...) ::m5tab5::emulator::Logger::debug(__VA_ARGS__)
      |                        ~~~~~~~~~~~~~~~~~~~~~~~~~~~~~~~~~^~~~~~~~~~~~~
/home/paqurin/Documents/PlatformIO/Projects/m5tab5-emulator/build-debug/_deps/spdlog-src/include/spdlog/logger.h:374:75:   in ‘constexpr’ expansion of ‘fmt::v9::make_format_args<>(args#0, args#1, args#2)’
/home/paqurin/Documents/PlatformIO/Projects/m5tab5-emulator/build-debug/_deps/spdlog-src/include/spdlog/fmt/bundled/core.h:1735:15: warning: possibly dangling reference to a temporary [-Wdangling-reference]
 1735 |   const auto& arg = arg_mapper<Context>().map(FMT_FORWARD(val));
      |               ^~~
/home/paqurin/Documents/PlatformIO/Projects/m5tab5-emulator/build-debug/_deps/spdlog-src/include/spdlog/fmt/bundled/core.h:1735:46: note: the temporary was destroyed at the end of the full expression ‘fmt::v9::detail::arg_mapper<fmt::v9::basic_format_context<fmt::v9::appender, char> >().fmt::v9::detail::arg_mapper<fmt::v9::basic_format_context<fmt::v9::appender, char> >::map<std::__cxx11::basic_string<char> >((* & val))’
 1735 |   const auto& arg = arg_mapper<Context>().map(FMT_FORWARD(val));
      |                     ~~~~~~~~~~~~~~~~~~~~~~~~~^~~~~~~~~~~~~~~~~~
[ 40%] Building CXX object CMakeFiles/m5tab5-emulator-core.dir/src/esp_idf/driver/gpio_api.cpp.o
[ 42%] Building CXX object CMakeFiles/m5tab5-emulator-core.dir/src/esp_idf/driver/i2c_api.cpp.o
In file included from /home/paqurin/Documents/PlatformIO/Projects/m5tab5-emulator/build-debug/_deps/spdlog-src/include/spdlog/fmt/fmt.h:27,
                 from /home/paqurin/Documents/PlatformIO/Projects/m5tab5-emulator/build-debug/_deps/spdlog-src/include/spdlog/common.h:50,
                 from /home/paqurin/Documents/PlatformIO/Projects/m5tab5-emulator/build-debug/_deps/spdlog-src/include/spdlog/spdlog.h:12,
                 from /home/paqurin/Documents/PlatformIO/Projects/m5tab5-emulator/include/emulator/utils/logging.hpp:5,
                 from /home/paqurin/Documents/PlatformIO/Projects/m5tab5-emulator/src/esp_idf/driver/i2c_api.cpp:13:
/home/paqurin/Documents/PlatformIO/Projects/m5tab5-emulator/build-debug/_deps/spdlog-src/include/spdlog/fmt/bundled/core.h: In substitution of ‘template<class T, class Context> using fmt::v9::detail::mapped_type_constant = fmt::v9::detail::type_constant<decltype (fmt::v9::detail::arg_mapper<Context>().map(declval<const T&>())), typename Context::char_type> [with T = i2c_port_t; Context = fmt::v9::basic_format_context<fmt::v9::appender, char>]’:
/home/paqurin/Documents/PlatformIO/Projects/m5tab5-emulator/build-debug/_deps/spdlog-src/include/spdlog/fmt/bundled/core.h:1901:71:   required from ‘constexpr fmt::v9::format_arg_store<Context, Args>::format_arg_store(T&& ...) [with T = {i2c_port_t&, int&, int&, bool&, bool&, int&}; Context = fmt::v9::basic_format_context<fmt::v9::appender, char>; Args = {i2c_port_t, int, int, bool, bool, int}]’
 1901 |             detail::mapped_type_constant<remove_cvref_t<T>, Context>::value>(
      |                                                                       ^~~~~
/home/paqurin/Documents/PlatformIO/Projects/m5tab5-emulator/build-debug/_deps/spdlog-src/include/spdlog/fmt/bundled/core.h:1918:31:   required from ‘void spdlog::logger::log_(spdlog::source_loc, spdlog::level::level_enum, spdlog::string_view_t, Args&& ...) [with Args = {i2c_port_t&, int&, int&, bool&, bool&, int}; spdlog::string_view_t = fmt::v9::basic_string_view<char>]’
 1918 |   return {FMT_FORWARD(args)...};
      |                               ^
/home/paqurin/Documents/PlatformIO/Projects/m5tab5-emulator/build-debug/_deps/spdlog-src/include/spdlog/logger.h:90:13:   required from ‘void spdlog::logger::log(spdlog::source_loc, spdlog::level::level_enum, fmt::v9::format_string<T ...>, Args&& ...) [with Args = {i2c_port_t&, int&, int&, bool&, bool&, int}; fmt::v9::format_string<T ...> = fmt::v9::basic_format_string<char, i2c_port_t&, int&, int&, bool&, bool&, int>]’
   90 |         log_(loc, lvl, details::to_string_view(fmt), std::forward<Args>(args)...);
      |         ~~~~^~~~~~~~~~~~~~~~~~~~~~~~~~~~~~~~~~~~~~~~~~~~~~~~~~~~~~~~~~~~~~~~~~~~~
/home/paqurin/Documents/PlatformIO/Projects/m5tab5-emulator/build-debug/_deps/spdlog-src/include/spdlog/logger.h:96:12:   required from ‘void spdlog::logger::log(spdlog::level::level_enum, fmt::v9::format_string<T ...>, Args&& ...) [with Args = {i2c_port_t&, int&, int&, bool&, bool&, int}; fmt::v9::format_string<T ...> = fmt::v9::basic_format_string<char, i2c_port_t&, int&, int&, bool&, bool&, int>]’
   96 |         log(source_loc{}, lvl, fmt, std::forward<Args>(args)...);
      |         ~~~^~~~~~~~~~~~~~~~~~~~~~~~~~~~~~~~~~~~~~~~~~~~~~~~~~~~~
/home/paqurin/Documents/PlatformIO/Projects/m5tab5-emulator/build-debug/_deps/spdlog-src/include/spdlog/logger.h:152:12:   required from ‘void spdlog::logger::debug(fmt::v9::format_string<T ...>, Args&& ...) [with Args = {i2c_port_t&, int&, int&, bool&, bool&, int}; fmt::v9::format_string<T ...> = fmt::v9::basic_format_string<char, i2c_port_t&, int&, int&, bool&, bool&, int>]’
  152 |         log(level::debug, fmt, std::forward<Args>(args)...);
      |         ~~~^~~~~~~~~~~~~~~~~~~~~~~~~~~~~~~~~~~~~~~~~~~~~~~~
/home/paqurin/Documents/PlatformIO/Projects/m5tab5-emulator/include/emulator/utils/logging.hpp:52:26:   required from ‘static void m5tab5::emulator::Logger::debug(const std::string&, Args&& ...) [with Args = {i2c_port_t&, int&, int&, bool&, bool&, int}; std::string = std::__cxx11::basic_string<char>]’
   52 |             logger->debug(fmt::runtime(format), std::forward<Args>(args)...);
      |             ~~~~~~~~~~~~~^~~~~~~~~~~~~~~~~~~~~~~~~~~~~~~~~~~~~~~~~~~~~~~~~~~
/home/paqurin/Documents/PlatformIO/Projects/m5tab5-emulator/src/esp_idf/driver/i2c_api.cpp:447:5:   required from here
  129 | #define LOG_DEBUG(...) ::m5tab5::emulator::Logger::debug(__VA_ARGS__)
      |                        ~~~~~~~~~~~~~~~~~~~~~~~~~~~~~~~~~^~~~~~~~~~~~~
/home/paqurin/Documents/PlatformIO/Projects/m5tab5-emulator/build-debug/_deps/spdlog-src/include/spdlog/logger.h:374:75:   in ‘constexpr’ expansion of ‘fmt::v9::make_format_args<>(args#0, args#1, args#2, args#3, args#4, ((int&)args#5))’
/home/paqurin/Documents/PlatformIO/Projects/m5tab5-emulator/build-debug/_deps/spdlog-src/include/spdlog/fmt/bundled/core.h:1530:53: warning: ‘constexpr decltype (declval<fmt::v9::detail::arg_mapper<Context> >().map(static_cast<fmt::v9::underlying_t<T> >(val))) fmt::v9::detail::arg_mapper<Context>::map(const T&) [with T = i2c_port_t; typename std::enable_if<((((std::is_enum<U>::value && std::is_convertible<T, int>::value) && (! fmt::v9::detail::has_format_as<T>::value)) && (! std::is_constructible<typename Context::formatter_type<T> >::value)) && (! std::is_constructible<fmt::v9::detail::fallback_formatter<T, typename Context::char_type, void> >::value)), int>::type <anonymous> = 0; Context = fmt::v9::basic_format_context<fmt::v9::appender, char>; decltype (declval<fmt::v9::detail::arg_mapper<Context> >().map(static_cast<fmt::v9::underlying_t<T> >(val))) = unsigned int; fmt::v9::detail::arg_mapper<Context> = fmt::v9::detail::arg_mapper<fmt::v9::basic_format_context<fmt::v9::appender, char> >; fmt::v9::underlying_t<T> = unsigned int]’ is deprecated [-Wdeprecated-declarations]
 1530 |     type_constant<decltype(arg_mapper<Context>().map(std::declval<const T&>())),
      |                            ~~~~~~~~~~~~~~~~~~~~~~~~~^~~~~~~~~~~~~~~~~~~~~~~~~~
/home/paqurin/Documents/PlatformIO/Projects/m5tab5-emulator/build-debug/_deps/spdlog-src/include/spdlog/fmt/bundled/core.h:1470:48: note: declared here
 1470 |   FMT_DEPRECATED FMT_CONSTEXPR FMT_INLINE auto map(const T& val)
      |                                                ^~~
/home/paqurin/Documents/PlatformIO/Projects/m5tab5-emulator/build-debug/_deps/spdlog-src/include/spdlog/fmt/bundled/core.h: In instantiation of ‘constexpr fmt::v9::detail::value<Context> fmt::v9::detail::make_value(T&&) [with Context = fmt::v9::basic_format_context<fmt::v9::appender, char>; T = i2c_port_t&]’:
/home/paqurin/Documents/PlatformIO/Projects/m5tab5-emulator/build-debug/_deps/spdlog-src/include/spdlog/fmt/bundled/core.h:1777:29:   required from ‘constexpr fmt::v9::detail::value<Context> fmt::v9::detail::make_arg(T&&) [with bool IS_PACKED = true; Context = fmt::v9::basic_format_context<fmt::v9::appender, char>; type <anonymous> = fmt::v9::detail::type::uint_type; T = i2c_port_t&; typename std::enable_if<IS_PACKED, int>::type <anonymous> = 0]’
 1777 |   return make_value<Context>(val);
      |          ~~~~~~~~~~~~~~~~~~~^~~~~
/home/paqurin/Documents/PlatformIO/Projects/m5tab5-emulator/build-debug/_deps/spdlog-src/include/spdlog/fmt/bundled/core.h:1901:77:   required from ‘constexpr fmt::v9::format_arg_store<Context, Args>::format_arg_store(T&& ...) [with T = {i2c_port_t&, int&, int&, bool&, bool&, int&}; Context = fmt::v9::basic_format_context<fmt::v9::appender, char>; Args = {i2c_port_t, int, int, bool, bool, int}]’
 1899 |         data_{detail::make_arg<
      |               ~~~~~~~~~~~~~~~~~                                              
 1900 |             is_packed, Context,
      |             ~~~~~~~~~~~~~~~~~~~                                              
 1901 |             detail::mapped_type_constant<remove_cvref_t<T>, Context>::value>(
      |             ~~~~~~~~~~~~~~~~~~~~~~~~~~~~~~~~~~~~~~~~~~~~~~~~~~~~~~~~~~~~~~~~^
 1902 |             FMT_FORWARD(args))...} {
      |             ~~~~~~~~~~~~~~~~~~                                               
/home/paqurin/Documents/PlatformIO/Projects/m5tab5-emulator/build-debug/_deps/spdlog-src/include/spdlog/fmt/bundled/core.h:1918:31:   required from ‘void spdlog::logger::log_(spdlog::source_loc, spdlog::level::level_enum, spdlog::string_view_t, Args&& ...) [with Args = {i2c_port_t&, int&, int&, bool&, bool&, int}; spdlog::string_view_t = fmt::v9::basic_string_view<char>]’
 1918 |   return {FMT_FORWARD(args)...};
      |                               ^
/home/paqurin/Documents/PlatformIO/Projects/m5tab5-emulator/build-debug/_deps/spdlog-src/include/spdlog/logger.h:90:13:   required from ‘void spdlog::logger::log(spdlog::source_loc, spdlog::level::level_enum, fmt::v9::format_string<T ...>, Args&& ...) [with Args = {i2c_port_t&, int&, int&, bool&, bool&, int}; fmt::v9::format_string<T ...> = fmt::v9::basic_format_string<char, i2c_port_t&, int&, int&, bool&, bool&, int>]’
   90 |         log_(loc, lvl, details::to_string_view(fmt), std::forward<Args>(args)...);
      |         ~~~~^~~~~~~~~~~~~~~~~~~~~~~~~~~~~~~~~~~~~~~~~~~~~~~~~~~~~~~~~~~~~~~~~~~~~
/home/paqurin/Documents/PlatformIO/Projects/m5tab5-emulator/build-debug/_deps/spdlog-src/include/spdlog/logger.h:96:12:   required from ‘void spdlog::logger::log(spdlog::level::level_enum, fmt::v9::format_string<T ...>, Args&& ...) [with Args = {i2c_port_t&, int&, int&, bool&, bool&, int}; fmt::v9::format_string<T ...> = fmt::v9::basic_format_string<char, i2c_port_t&, int&, int&, bool&, bool&, int>]’
   96 |         log(source_loc{}, lvl, fmt, std::forward<Args>(args)...);
      |         ~~~^~~~~~~~~~~~~~~~~~~~~~~~~~~~~~~~~~~~~~~~~~~~~~~~~~~~~
/home/paqurin/Documents/PlatformIO/Projects/m5tab5-emulator/build-debug/_deps/spdlog-src/include/spdlog/logger.h:152:12:   required from ‘void spdlog::logger::debug(fmt::v9::format_string<T ...>, Args&& ...) [with Args = {i2c_port_t&, int&, int&, bool&, bool&, int}; fmt::v9::format_string<T ...> = fmt::v9::basic_format_string<char, i2c_port_t&, int&, int&, bool&, bool&, int>]’
  152 |         log(level::debug, fmt, std::forward<Args>(args)...);
      |         ~~~^~~~~~~~~~~~~~~~~~~~~~~~~~~~~~~~~~~~~~~~~~~~~~~~
/home/paqurin/Documents/PlatformIO/Projects/m5tab5-emulator/include/emulator/utils/logging.hpp:52:26:   required from ‘static void m5tab5::emulator::Logger::debug(const std::string&, Args&& ...) [with Args = {i2c_port_t&, int&, int&, bool&, bool&, int}; std::string = std::__cxx11::basic_string<char>]’
   52 |             logger->debug(fmt::runtime(format), std::forward<Args>(args)...);
      |             ~~~~~~~~~~~~~^~~~~~~~~~~~~~~~~~~~~~~~~~~~~~~~~~~~~~~~~~~~~~~~~~~
/home/paqurin/Documents/PlatformIO/Projects/m5tab5-emulator/src/esp_idf/driver/i2c_api.cpp:447:5:   required from here
  129 | #define LOG_DEBUG(...) ::m5tab5::emulator::Logger::debug(__VA_ARGS__)
      |                        ~~~~~~~~~~~~~~~~~~~~~~~~~~~~~~~~~^~~~~~~~~~~~~
/home/paqurin/Documents/PlatformIO/Projects/m5tab5-emulator/build-debug/_deps/spdlog-src/include/spdlog/logger.h:374:75:   in ‘constexpr’ expansion of ‘fmt::v9::make_format_args<>(args#0, args#1, args#2, args#3, args#4, ((int&)args#5))’
/home/paqurin/Documents/PlatformIO/Projects/m5tab5-emulator/build-debug/_deps/spdlog-src/include/spdlog/fmt/bundled/core.h:1735:46: warning: ‘constexpr decltype (declval<fmt::v9::detail::arg_mapper<Context> >().map(static_cast<fmt::v9::underlying_t<T> >(val))) fmt::v9::detail::arg_mapper<Context>::map(const T&) [with T = i2c_port_t; typename std::enable_if<((((std::is_enum<U>::value && std::is_convertible<T, int>::value) && (! fmt::v9::detail::has_format_as<T>::value)) && (! std::is_constructible<typename Context::formatter_type<T> >::value)) && (! std::is_constructible<fmt::v9::detail::fallback_formatter<T, typename Context::char_type, void> >::value)), int>::type <anonymous> = 0; Context = fmt::v9::basic_format_context<fmt::v9::appender, char>; decltype (declval<fmt::v9::detail::arg_mapper<Context> >().map(static_cast<fmt::v9::underlying_t<T> >(val))) = unsigned int; fmt::v9::detail::arg_mapper<Context> = fmt::v9::detail::arg_mapper<fmt::v9::basic_format_context<fmt::v9::appender, char> >; fmt::v9::underlying_t<T> = unsigned int]’ is deprecated [-Wdeprecated-declarations]
 1735 |   const auto& arg = arg_mapper<Context>().map(FMT_FORWARD(val));
      |                     ~~~~~~~~~~~~~~~~~~~~~~~~~^~~~~~~~~~~~~~~~~~
/home/paqurin/Documents/PlatformIO/Projects/m5tab5-emulator/build-debug/_deps/spdlog-src/include/spdlog/fmt/bundled/core.h:1470:48: note: declared here
 1470 |   FMT_DEPRECATED FMT_CONSTEXPR FMT_INLINE auto map(const T& val)
      |                                                ^~~
