[  9%] Built target spdlog
[ 90%] Built target m5tab5-emulator-core
[ 91%] Building CXX object CMakeFiles/m5tab5-gui-lib.dir/src/gui/control_panels.cpp.o
In file included from /home/paqurin/Documents/PlatformIO/Projects/m5tab5-emulator/build-debug/_deps/spdlog-src/include/spdlog/fmt/fmt.h:27,
                 from /home/paqurin/Documents/PlatformIO/Projects/m5tab5-emulator/build-debug/_deps/spdlog-src/include/spdlog/common.h:50,
                 from /home/paqurin/Documents/PlatformIO/Projects/m5tab5-emulator/build-debug/_deps/spdlog-src/include/spdlog/spdlog.h:12,
                 from /home/paqurin/Documents/PlatformIO/Projects/m5tab5-emulator/include/emulator/utils/logging.hpp:5,
                 from /home/paqurin/Documents/PlatformIO/Projects/m5tab5-emulator/src/gui/control_panels.cpp:4:
/home/paqurin/Documents/PlatformIO/Projects/m5tab5-emulator/build-debug/_deps/spdlog-src/include/spdlog/fmt/bundled/core.h: In instantiation of ‘constexpr fmt::v9::detail::value<Context> fmt::v9::detail::make_value(T&&) [with Context = fmt::v9::basic_format_context<fmt::v9::appender, char>; T = const std::__cxx11::basic_string<char>&]’:
/home/paqurin/Documents/PlatformIO/Projects/m5tab5-emulator/build-debug/_deps/spdlog-src/include/spdlog/fmt/bundled/core.h:1777:29:   required from ‘constexpr fmt::v9::detail::value<Context> fmt::v9::detail::make_arg(T&&) [with bool IS_PACKED = true; Context = fmt::v9::basic_format_context<fmt::v9::appender, char>; type <anonymous> = fmt::v9::detail::type::string_type; T = const std::__cxx11::basic_string<char>&; typename std::enable_if<IS_PACKED, int>::type <anonymous> = 0]’
 1777 |   return make_value<Context>(val);
      |          ~~~~~~~~~~~~~~~~~~~^~~~~
/home/paqurin/Documents/PlatformIO/Projects/m5tab5-emulator/build-debug/_deps/spdlog-src/include/spdlog/fmt/bundled/core.h:1901:77:   required from ‘constexpr fmt::v9::format_arg_store<Context, Args>::format_arg_store(T&& ...) [with T = {const std::__cxx11::basic_string<char, std::char_traits<char>, std::allocator<char> >&}; Context = fmt::v9::basic_format_context<fmt::v9::appender, char>; Args = {std::__cxx11::basic_string<char, std::char_traits<char>, std::allocator<char> >}]’
 1899 |         data_{detail::make_arg<
      |               ~~~~~~~~~~~~~~~~~                                              
 1900 |             is_packed, Context,
      |             ~~~~~~~~~~~~~~~~~~~                                              
 1901 |             detail::mapped_type_constant<remove_cvref_t<T>, Context>::value>(
      |             ~~~~~~~~~~~~~~~~~~~~~~~~~~~~~~~~~~~~~~~~~~~~~~~~~~~~~~~~~~~~~~~~^
 1902 |             FMT_FORWARD(args))...} {
      |             ~~~~~~~~~~~~~~~~~~                                               
/home/paqurin/Documents/PlatformIO/Projects/m5tab5-emulator/build-debug/_deps/spdlog-src/include/spdlog/fmt/bundled/core.h:1918:31:   required from ‘void spdlog::logger::log_(spdlog::source_loc, spdlog::level::level_enum, spdlog::string_view_t, Args&& ...) [with Args = {const std::__cxx11::basic_string<char, std::char_traits<char>, std::allocator<char> >&}; spdlog::string_view_t = fmt::v9::basic_string_view<char>]’
 1918 |   return {FMT_FORWARD(args)...};
      |                               ^
/home/paqurin/Documents/PlatformIO/Projects/m5tab5-emulator/build-debug/_deps/spdlog-src/include/spdlog/logger.h:90:13:   required from ‘void spdlog::logger::log(spdlog::source_loc, spdlog::level::level_enum, fmt::v9::format_string<T ...>, Args&& ...) [with Args = {const std::__cxx11::basic_string<char, std::char_traits<char>, std::allocator<char> >&}; fmt::v9::format_string<T ...> = fmt::v9::basic_format_string<char, const std::__cxx11::basic_string<char, std::char_traits<char>, std::allocator<char> >&>]’
   90 |         log_(loc, lvl, details::to_string_view(fmt), std::forward<Args>(args)...);
      |         ~~~~^~~~~~~~~~~~~~~~~~~~~~~~~~~~~~~~~~~~~~~~~~~~~~~~~~~~~~~~~~~~~~~~~~~~~
/home/paqurin/Documents/PlatformIO/Projects/m5tab5-emulator/build-debug/_deps/spdlog-src/include/spdlog/logger.h:96:12:   required from ‘void spdlog::logger::log(spdlog::level::level_enum, fmt::v9::format_string<T ...>, Args&& ...) [with Args = {const std::__cxx11::basic_string<char, std::char_traits<char>, std::allocator<char> >&}; fmt::v9::format_string<T ...> = fmt::v9::basic_format_string<char, const std::__cxx11::basic_string<char, std::char_traits<char>, std::allocator<char> >&>]’
   96 |         log(source_loc{}, lvl, fmt, std::forward<Args>(args)...);
      |         ~~~^~~~~~~~~~~~~~~~~~~~~~~~~~~~~~~~~~~~~~~~~~~~~~~~~~~~~
/home/paqurin/Documents/PlatformIO/Projects/m5tab5-emulator/build-debug/_deps/spdlog-src/include/spdlog/logger.h:152:12:   required from ‘void spdlog::logger::debug(fmt::v9::format_string<T ...>, Args&& ...) [with Args = {const std::__cxx11::basic_string<char, std::char_traits<char>, std::allocator<char> >&}; fmt::v9::format_string<T ...> = fmt::v9::basic_format_string<char, const std::__cxx11::basic_string<char, std::char_traits<char>, std::allocator<char> >&>]’
  152 |         log(level::debug, fmt, std::forward<Args>(args)...);
      |         ~~~^~~~~~~~~~~~~~~~~~~~~~~~~~~~~~~~~~~~~~~~~~~~~~~~
/home/paqurin/Documents/PlatformIO/Projects/m5tab5-emulator/include/emulator/utils/logging.hpp:52:26:   required from ‘static void m5tab5::emulator::Logger::debug(const std::string&, Args&& ...) [with Args = {const std::__cxx11::basic_string<char, std::char_traits<char>, std::allocator<char> >&}; std::string = std::__cxx11::basic_string<char>]’
   52 |             logger->debug(fmt::runtime(format), std::forward<Args>(args)...);
      |             ~~~~~~~~~~~~~^~~~~~~~~~~~~~~~~~~~~~~~~~~~~~~~~~~~~~~~~~~~~~~~~~~
/home/paqurin/Documents/PlatformIO/Projects/m5tab5-emulator/src/gui/control_panels.cpp:18:5:   required from here
  129 | #define LOG_DEBUG(...) ::m5tab5::emulator::Logger::debug(__VA_ARGS__)
      |                        ~~~~~~~~~~~~~~~~~~~~~~~~~~~~~~~~~^~~~~~~~~~~~~
/home/paqurin/Documents/PlatformIO/Projects/m5tab5-emulator/build-debug/_deps/spdlog-src/include/spdlog/logger.h:374:75:   in ‘constexpr’ expansion of ‘fmt::v9::make_format_args<>(args#0)’
/home/paqurin/Documents/PlatformIO/Projects/m5tab5-emulator/build-debug/_deps/spdlog-src/include/spdlog/fmt/bundled/core.h:1735:15: warning: possibly dangling reference to a temporary [-Wdangling-reference]
 1735 |   const auto& arg = arg_mapper<Context>().map(FMT_FORWARD(val));
      |               ^~~
/home/paqurin/Documents/PlatformIO/Projects/m5tab5-emulator/build-debug/_deps/spdlog-src/include/spdlog/fmt/bundled/core.h:1735:46: note: the temporary was destroyed at the end of the full expression ‘fmt::v9::detail::arg_mapper<fmt::v9::basic_format_context<fmt::v9::appender, char> >().fmt::v9::detail::arg_mapper<fmt::v9::basic_format_context<fmt::v9::appender, char> >::map<std::__cxx11::basic_string<char> >((* & val))’
 1735 |   const auto& arg = arg_mapper<Context>().map(FMT_FORWARD(val));
      |                     ~~~~~~~~~~~~~~~~~~~~~~~~~^~~~~~~~~~~~~~~~~~
/home/paqurin/Documents/PlatformIO/Projects/m5tab5-emulator/build-debug/_deps/spdlog-src/include/spdlog/fmt/bundled/core.h: In instantiation of ‘constexpr fmt::v9::detail::value<Context> fmt::v9::detail::make_value(T&&) [with Context = fmt::v9::basic_format_context<fmt::v9::appender, char>; T = std::__cxx11::basic_string<char>&]’:
/home/paqurin/Documents/PlatformIO/Projects/m5tab5-emulator/build-debug/_deps/spdlog-src/include/spdlog/fmt/bundled/core.h:1777:29:   required from ‘constexpr fmt::v9::detail::value<Context> fmt::v9::detail::make_arg(T&&) [with bool IS_PACKED = true; Context = fmt::v9::basic_format_context<fmt::v9::appender, char>; type <anonymous> = fmt::v9::detail::type::string_type; T = std::__cxx11::basic_string<char>&; typename std::enable_if<IS_PACKED, int>::type <anonymous> = 0]’
 1777 |   return make_value<Context>(val);
      |          ~~~~~~~~~~~~~~~~~~~^~~~~
/home/paqurin/Documents/PlatformIO/Projects/m5tab5-emulator/build-debug/_deps/spdlog-src/include/spdlog/fmt/bundled/core.h:1901:77:   required from ‘constexpr fmt::v9::format_arg_store<Context, Args>::format_arg_store(T&& ...) [with T = {std::__cxx11::basic_string<char, std::char_traits<char>, std::allocator<char> >&}; Context = fmt::v9::basic_format_context<fmt::v9::appender, char>; Args = {std::__cxx11::basic_string<char, std::char_traits<char>, std::allocator<char> >}]’
 1899 |         data_{detail::make_arg<
      |               ~~~~~~~~~~~~~~~~~                                              
 1900 |             is_packed, Context,
      |             ~~~~~~~~~~~~~~~~~~~                                              
 1901 |             detail::mapped_type_constant<remove_cvref_t<T>, Context>::value>(
      |             ~~~~~~~~~~~~~~~~~~~~~~~~~~~~~~~~~~~~~~~~~~~~~~~~~~~~~~~~~~~~~~~~^
 1902 |             FMT_FORWARD(args))...} {
      |             ~~~~~~~~~~~~~~~~~~                                               
/home/paqurin/Documents/PlatformIO/Projects/m5tab5-emulator/build-debug/_deps/spdlog-src/include/spdlog/fmt/bundled/core.h:1918:31:   required from ‘void spdlog::logger::log_(spdlog::source_loc, spdlog::level::level_enum, spdlog::string_view_t, Args&& ...) [with Args = {std::__cxx11::basic_string<char, std::char_traits<char>, std::allocator<char> >&}; spdlog::string_view_t = fmt::v9::basic_string_view<char>]’
 1918 |   return {FMT_FORWARD(args)...};
      |                               ^
/home/paqurin/Documents/PlatformIO/Projects/m5tab5-emulator/build-debug/_deps/spdlog-src/include/spdlog/logger.h:90:13:   required from ‘void spdlog::logger::log(spdlog::source_loc, spdlog::level::level_enum, fmt::v9::format_string<T ...>, Args&& ...) [with Args = {std::__cxx11::basic_string<char, std::char_traits<char>, std::allocator<char> >&}; fmt::v9::format_string<T ...> = fmt::v9::basic_format_string<char, std::__cxx11::basic_string<char, std::char_traits<char>, std::allocator<char> >&>]’
   90 |         log_(loc, lvl, details::to_string_view(fmt), std::forward<Args>(args)...);
      |         ~~~~^~~~~~~~~~~~~~~~~~~~~~~~~~~~~~~~~~~~~~~~~~~~~~~~~~~~~~~~~~~~~~~~~~~~~
/home/paqurin/Documents/PlatformIO/Projects/m5tab5-emulator/build-debug/_deps/spdlog-src/include/spdlog/logger.h:96:12:   required from ‘void spdlog::logger::log(spdlog::level::level_enum, fmt::v9::format_string<T ...>, Args&& ...) [with Args = {std::__cxx11::basic_string<char, std::char_traits<char>, std::allocator<char> >&}; fmt::v9::format_string<T ...> = fmt::v9::basic_format_string<char, std::__cxx11::basic_string<char, std::char_traits<char>, std::allocator<char> >&>]’
   96 |         log(source_loc{}, lvl, fmt, std::forward<Args>(args)...);
      |         ~~~^~~~~~~~~~~~~~~~~~~~~~~~~~~~~~~~~~~~~~~~~~~~~~~~~~~~~
/home/paqurin/Documents/PlatformIO/Projects/m5tab5-emulator/build-debug/_deps/spdlog-src/include/spdlog/logger.h:152:12:   required from ‘void spdlog::logger::debug(fmt::v9::format_string<T ...>, Args&& ...) [with Args = {std::__cxx11::basic_string<char, std::char_traits<char>, std::allocator<char> >&}; fmt::v9::format_string<T ...> = fmt::v9::basic_format_string<char, std::__cxx11::basic_string<char, std::char_traits<char>, std::allocator<char> >&>]’
  152 |         log(level::debug, fmt, std::forward<Args>(args)...);
      |         ~~~^~~~~~~~~~~~~~~~~~~~~~~~~~~~~~~~~~~~~~~~~~~~~~~~
/home/paqurin/Documents/PlatformIO/Projects/m5tab5-emulator/include/emulator/utils/logging.hpp:52:26:   required from ‘static void m5tab5::emulator::Logger::debug(const std::string&, Args&& ...) [with Args = {std::__cxx11::basic_string<char, std::char_traits<char>, std::allocator<char> >&}; std::string = std::__cxx11::basic_string<char>]’
   52 |             logger->debug(fmt::runtime(format), std::forward<Args>(args)...);
      |             ~~~~~~~~~~~~~^~~~~~~~~~~~~~~~~~~~~~~~~~~~~~~~~~~~~~~~~~~~~~~~~~~
/home/paqurin/Documents/PlatformIO/Projects/m5tab5-emulator/src/gui/control_panels.cpp:130:5:   required from here
  129 | #define LOG_DEBUG(...) ::m5tab5::emulator::Logger::debug(__VA_ARGS__)
      |                        ~~~~~~~~~~~~~~~~~~~~~~~~~~~~~~~~~^~~~~~~~~~~~~
/home/paqurin/Documents/PlatformIO/Projects/m5tab5-emulator/build-debug/_deps/spdlog-src/include/spdlog/logger.h:374:75:   in ‘constexpr’ expansion of ‘fmt::v9::make_format_args<>(args#0)’
/home/paqurin/Documents/PlatformIO/Projects/m5tab5-emulator/build-debug/_deps/spdlog-src/include/spdlog/fmt/bundled/core.h:1735:15: warning: possibly dangling reference to a temporary [-Wdangling-reference]
 1735 |   const auto& arg = arg_mapper<Context>().map(FMT_FORWARD(val));
      |               ^~~
/home/paqurin/Documents/PlatformIO/Projects/m5tab5-emulator/build-debug/_deps/spdlog-src/include/spdlog/fmt/bundled/core.h:1735:46: note: the temporary was destroyed at the end of the full expression ‘fmt::v9::detail::arg_mapper<fmt::v9::basic_format_context<fmt::v9::appender, char> >().fmt::v9::detail::arg_mapper<fmt::v9::basic_format_context<fmt::v9::appender, char> >::map<std::__cxx11::basic_string<char> >((*(const std::__cxx11::basic_string<char>*)(& val)))’
 1735 |   const auto& arg = arg_mapper<Context>().map(FMT_FORWARD(val));
      |                     ~~~~~~~~~~~~~~~~~~~~~~~~~^~~~~~~~~~~~~~~~~~
[ 92%] Building CXX object CMakeFiles/m5tab5-gui-lib.dir/src/gui/firmware_dialog.cpp.o
In file included from /home/paqurin/Documents/PlatformIO/Projects/m5tab5-emulator/build-debug/_deps/spdlog-src/include/spdlog/fmt/fmt.h:27,
                 from /home/paqurin/Documents/PlatformIO/Projects/m5tab5-emulator/build-debug/_deps/spdlog-src/include/spdlog/common.h:50,
                 from /home/paqurin/Documents/PlatformIO/Projects/m5tab5-emulator/build-debug/_deps/spdlog-src/include/spdlog/spdlog.h:12,
                 from /home/paqurin/Documents/PlatformIO/Projects/m5tab5-emulator/include/emulator/utils/logging.hpp:5,
                 from /home/paqurin/Documents/PlatformIO/Projects/m5tab5-emulator/src/gui/firmware_dialog.cpp:3:
/home/paqurin/Documents/PlatformIO/Projects/m5tab5-emulator/build-debug/_deps/spdlog-src/include/spdlog/fmt/bundled/core.h: In instantiation of ‘constexpr fmt::v9::detail::value<Context> fmt::v9::detail::make_value(T&&) [with Context = fmt::v9::basic_format_context<fmt::v9::appender, char>; T = std::__cxx11::basic_string<char>&]’:
/home/paqurin/Documents/PlatformIO/Projects/m5tab5-emulator/build-debug/_deps/spdlog-src/include/spdlog/fmt/bundled/core.h:1777:29:   required from ‘constexpr fmt::v9::detail::value<Context> fmt::v9::detail::make_arg(T&&) [with bool IS_PACKED = true; Context = fmt::v9::basic_format_context<fmt::v9::appender, char>; type <anonymous> = fmt::v9::detail::type::string_type; T = std::__cxx11::basic_string<char>&; typename std::enable_if<IS_PACKED, int>::type <anonymous> = 0]’
 1777 |   return make_value<Context>(val);
      |          ~~~~~~~~~~~~~~~~~~~^~~~~
/home/paqurin/Documents/PlatformIO/Projects/m5tab5-emulator/build-debug/_deps/spdlog-src/include/spdlog/fmt/bundled/core.h:1901:77:   required from ‘constexpr fmt::v9::format_arg_store<Context, Args>::format_arg_store(T&& ...) [with T = {std::__cxx11::basic_string<char, std::char_traits<char>, std::allocator<char> >&}; Context = fmt::v9::basic_format_context<fmt::v9::appender, char>; Args = {std::__cxx11::basic_string<char, std::char_traits<char>, std::allocator<char> >}]’
 1899 |         data_{detail::make_arg<
      |               ~~~~~~~~~~~~~~~~~                                              
 1900 |             is_packed, Context,
      |             ~~~~~~~~~~~~~~~~~~~                                              
 1901 |             detail::mapped_type_constant<remove_cvref_t<T>, Context>::value>(
      |             ~~~~~~~~~~~~~~~~~~~~~~~~~~~~~~~~~~~~~~~~~~~~~~~~~~~~~~~~~~~~~~~~^
 1902 |             FMT_FORWARD(args))...} {
      |             ~~~~~~~~~~~~~~~~~~                                               
/home/paqurin/Documents/PlatformIO/Projects/m5tab5-emulator/build-debug/_deps/spdlog-src/include/spdlog/fmt/bundled/core.h:1918:31:   required from ‘void spdlog::logger::log_(spdlog::source_loc, spdlog::level::level_enum, spdlog::string_view_t, Args&& ...) [with Args = {std::__cxx11::basic_string<char, std::char_traits<char>, std::allocator<char> >&}; spdlog::string_view_t = fmt::v9::basic_string_view<char>]’
 1918 |   return {FMT_FORWARD(args)...};
      |                               ^
/home/paqurin/Documents/PlatformIO/Projects/m5tab5-emulator/build-debug/_deps/spdlog-src/include/spdlog/logger.h:90:13:   required from ‘void spdlog::logger::log(spdlog::source_loc, spdlog::level::level_enum, fmt::v9::format_string<T ...>, Args&& ...) [with Args = {std::__cxx11::basic_string<char, std::char_traits<char>, std::allocator<char> >&}; fmt::v9::format_string<T ...> = fmt::v9::basic_format_string<char, std::__cxx11::basic_string<char, std::char_traits<char>, std::allocator<char> >&>]’
   90 |         log_(loc, lvl, details::to_string_view(fmt), std::forward<Args>(args)...);
      |         ~~~~^~~~~~~~~~~~~~~~~~~~~~~~~~~~~~~~~~~~~~~~~~~~~~~~~~~~~~~~~~~~~~~~~~~~~
/home/paqurin/Documents/PlatformIO/Projects/m5tab5-emulator/build-debug/_deps/spdlog-src/include/spdlog/logger.h:96:12:   required from ‘void spdlog::logger::log(spdlog::level::level_enum, fmt::v9::format_string<T ...>, Args&& ...) [with Args = {std::__cxx11::basic_string<char, std::char_traits<char>, std::allocator<char> >&}; fmt::v9::format_string<T ...> = fmt::v9::basic_format_string<char, std::__cxx11::basic_string<char, std::char_traits<char>, std::allocator<char> >&>]’
   96 |         log(source_loc{}, lvl, fmt, std::forward<Args>(args)...);
      |         ~~~^~~~~~~~~~~~~~~~~~~~~~~~~~~~~~~~~~~~~~~~~~~~~~~~~~~~~
/home/paqurin/Documents/PlatformIO/Projects/m5tab5-emulator/build-debug/_deps/spdlog-src/include/spdlog/logger.h:152:12:   required from ‘void spdlog::logger::debug(fmt::v9::format_string<T ...>, Args&& ...) [with Args = {std::__cxx11::basic_string<char, std::char_traits<char>, std::allocator<char> >&}; fmt::v9::format_string<T ...> = fmt::v9::basic_format_string<char, std::__cxx11::basic_string<char, std::char_traits<char>, std::allocator<char> >&>]’
  152 |         log(level::debug, fmt, std::forward<Args>(args)...);
      |         ~~~^~~~~~~~~~~~~~~~~~~~~~~~~~~~~~~~~~~~~~~~~~~~~~~~
/home/paqurin/Documents/PlatformIO/Projects/m5tab5-emulator/include/emulator/utils/logging.hpp:52:26:   required from ‘static void m5tab5::emulator::Logger::debug(const std::string&, Args&& ...) [with Args = {std::__cxx11::basic_string<char, std::char_traits<char>, std::allocator<char> >&}; std::string = std::__cxx11::basic_string<char>]’
   52 |             logger->debug(fmt::runtime(format), std::forward<Args>(args)...);
      |             ~~~~~~~~~~~~~^~~~~~~~~~~~~~~~~~~~~~~~~~~~~~~~~~~~~~~~~~~~~~~~~~~
/home/paqurin/Documents/PlatformIO/Projects/m5tab5-emulator/src/gui/firmware_dialog.cpp:50:5:   required from here
  129 | #define LOG_DEBUG(...) ::m5tab5::emulator::Logger::debug(__VA_ARGS__)
      |                        ~~~~~~~~~~~~~~~~~~~~~~~~~~~~~~~~~^~~~~~~~~~~~~
/home/paqurin/Documents/PlatformIO/Projects/m5tab5-emulator/build-debug/_deps/spdlog-src/include/spdlog/logger.h:374:75:   in ‘constexpr’ expansion of ‘fmt::v9::make_format_args<>(args#0)’
/home/paqurin/Documents/PlatformIO/Projects/m5tab5-emulator/build-debug/_deps/spdlog-src/include/spdlog/fmt/bundled/core.h:1735:15: warning: possibly dangling reference to a temporary [-Wdangling-reference]
 1735 |   const auto& arg = arg_mapper<Context>().map(FMT_FORWARD(val));
      |               ^~~
/home/paqurin/Documents/PlatformIO/Projects/m5tab5-emulator/build-debug/_deps/spdlog-src/include/spdlog/fmt/bundled/core.h:1735:46: note: the temporary was destroyed at the end of the full expression ‘fmt::v9::detail::arg_mapper<fmt::v9::basic_format_context<fmt::v9::appender, char> >().fmt::v9::detail::arg_mapper<fmt::v9::basic_format_context<fmt::v9::appender, char> >::map<std::__cxx11::basic_string<char> >((*(const std::__cxx11::basic_string<char>*)(& val)))’
 1735 |   const auto& arg = arg_mapper<Context>().map(FMT_FORWARD(val));
      |                     ~~~~~~~~~~~~~~~~~~~~~~~~~^~~~~~~~~~~~~~~~~~
/home/paqurin/Documents/PlatformIO/Projects/m5tab5-emulator/build-debug/_deps/spdlog-src/include/spdlog/fmt/bundled/core.h: In instantiation of ‘constexpr fmt::v9::detail::value<Context> fmt::v9::detail::make_value(T&&) [with Context = fmt::v9::basic_format_context<fmt::v9::appender, char>; T = const std::__cxx11::basic_string<char>&]’:
/home/paqurin/Documents/PlatformIO/Projects/m5tab5-emulator/build-debug/_deps/spdlog-src/include/spdlog/fmt/bundled/core.h:1777:29:   required from ‘constexpr fmt::v9::detail::value<Context> fmt::v9::detail::make_arg(T&&) [with bool IS_PACKED = true; Context = fmt::v9::basic_format_context<fmt::v9::appender, char>; type <anonymous> = fmt::v9::detail::type::string_type; T = const std::__cxx11::basic_string<char>&; typename std::enable_if<IS_PACKED, int>::type <anonymous> = 0]’
 1777 |   return make_value<Context>(val);
      |          ~~~~~~~~~~~~~~~~~~~^~~~~
/home/paqurin/Documents/PlatformIO/Projects/m5tab5-emulator/build-debug/_deps/spdlog-src/include/spdlog/fmt/bundled/core.h:1901:77:   required from ‘constexpr fmt::v9::format_arg_store<Context, Args>::format_arg_store(T&& ...) [with T = {const std::__cxx11::basic_string<char, std::char_traits<char>, std::allocator<char> >&}; Context = fmt::v9::basic_format_context<fmt::v9::appender, char>; Args = {std::__cxx11::basic_string<char, std::char_traits<char>, std::allocator<char> >}]’
 1899 |         data_{detail::make_arg<
      |               ~~~~~~~~~~~~~~~~~                                              
 1900 |             is_packed, Context,
      |             ~~~~~~~~~~~~~~~~~~~                                              
 1901 |             detail::mapped_type_constant<remove_cvref_t<T>, Context>::value>(
      |             ~~~~~~~~~~~~~~~~~~~~~~~~~~~~~~~~~~~~~~~~~~~~~~~~~~~~~~~~~~~~~~~~^
 1902 |             FMT_FORWARD(args))...} {
      |             ~~~~~~~~~~~~~~~~~~                                               
/home/paqurin/Documents/PlatformIO/Projects/m5tab5-emulator/build-debug/_deps/spdlog-src/include/spdlog/fmt/bundled/core.h:1918:31:   required from ‘void spdlog::logger::log_(spdlog::source_loc, spdlog::level::level_enum, spdlog::string_view_t, Args&& ...) [with Args = {const std::__cxx11::basic_string<char, std::char_traits<char>, std::allocator<char> >&}; spdlog::string_view_t = fmt::v9::basic_string_view<char>]’
 1918 |   return {FMT_FORWARD(args)...};
      |                               ^
/home/paqurin/Documents/PlatformIO/Projects/m5tab5-emulator/build-debug/_deps/spdlog-src/include/spdlog/logger.h:90:13:   required from ‘void spdlog::logger::log(spdlog::source_loc, spdlog::level::level_enum, fmt::v9::format_string<T ...>, Args&& ...) [with Args = {const std::__cxx11::basic_string<char, std::char_traits<char>, std::allocator<char> >&}; fmt::v9::format_string<T ...> = fmt::v9::basic_format_string<char, const std::__cxx11::basic_string<char, std::char_traits<char>, std::allocator<char> >&>]’
   90 |         log_(loc, lvl, details::to_string_view(fmt), std::forward<Args>(args)...);
      |         ~~~~^~~~~~~~~~~~~~~~~~~~~~~~~~~~~~~~~~~~~~~~~~~~~~~~~~~~~~~~~~~~~~~~~~~~~
/home/paqurin/Documents/PlatformIO/Projects/m5tab5-emulator/build-debug/_deps/spdlog-src/include/spdlog/logger.h:96:12:   required from ‘void spdlog::logger::log(spdlog::level::level_enum, fmt::v9::format_string<T ...>, Args&& ...) [with Args = {const std::__cxx11::basic_string<char, std::char_traits<char>, std::allocator<char> >&}; fmt::v9::format_string<T ...> = fmt::v9::basic_format_string<char, const std::__cxx11::basic_string<char, std::char_traits<char>, std::allocator<char> >&>]’
   96 |         log(source_loc{}, lvl, fmt, std::forward<Args>(args)...);
      |         ~~~^~~~~~~~~~~~~~~~~~~~~~~~~~~~~~~~~~~~~~~~~~~~~~~~~~~~~
/home/paqurin/Documents/PlatformIO/Projects/m5tab5-emulator/build-debug/_deps/spdlog-src/include/spdlog/logger.h:158:12:   required from ‘void spdlog::logger::info(fmt::v9::format_string<T ...>, Args&& ...) [with Args = {const std::__cxx11::basic_string<char, std::char_traits<char>, std::allocator<char> >&}; fmt::v9::format_string<T ...> = fmt::v9::basic_format_string<char, const std::__cxx11::basic_string<char, std::char_traits<char>, std::allocator<char> >&>]’
  158 |         log(level::info, fmt, std::forward<Args>(args)...);
      |         ~~~^~~~~~~~~~~~~~~~~~~~~~~~~~~~~~~~~~~~~~~~~~~~~~~
/home/paqurin/Documents/PlatformIO/Projects/m5tab5-emulator/include/emulator/utils/logging.hpp:66:25:   required from ‘static void m5tab5::emulator::Logger::info(const std::string&, Args&& ...) [with Args = {const std::__cxx11::basic_string<char, std::char_traits<char>, std::allocator<char> >&}; std::string = std::__cxx11::basic_string<char>]’
   66 |             logger->info(fmt::runtime(format), std::forward<Args>(args)...);
      |             ~~~~~~~~~~~~^~~~~~~~~~~~~~~~~~~~~~~~~~~~~~~~~~~~~~~~~~~~~~~~~~~
/home/paqurin/Documents/PlatformIO/Projects/m5tab5-emulator/src/gui/firmware_dialog.cpp:151:5:   required from here
  130 | #define LOG_INFO(...) ::m5tab5::emulator::Logger::info(__VA_ARGS__)
      |                       ~~~~~~~~~~~~~~~~~~~~~~~~~~~~~~~~^~~~~~~~~~~~~
/home/paqurin/Documents/PlatformIO/Projects/m5tab5-emulator/build-debug/_deps/spdlog-src/include/spdlog/logger.h:374:75:   in ‘constexpr’ expansion of ‘fmt::v9::make_format_args<>(args#0)’
/home/paqurin/Documents/PlatformIO/Projects/m5tab5-emulator/build-debug/_deps/spdlog-src/include/spdlog/fmt/bundled/core.h:1735:15: warning: possibly dangling reference to a temporary [-Wdangling-reference]
 1735 |   const auto& arg = arg_mapper<Context>().map(FMT_FORWARD(val));
      |               ^~~
/home/paqurin/Documents/PlatformIO/Projects/m5tab5-emulator/build-debug/_deps/spdlog-src/include/spdlog/fmt/bundled/core.h:1735:46: note: the temporary was destroyed at the end of the full expression ‘fmt::v9::detail::arg_mapper<fmt::v9::basic_format_context<fmt::v9::appender, char> >().fmt::v9::detail::arg_mapper<fmt::v9::basic_format_context<fmt::v9::appender, char> >::map<std::__cxx11::basic_string<char> >((* & val))’
 1735 |   const auto& arg = arg_mapper<Context>().map(FMT_FORWARD(val));
      |                     ~~~~~~~~~~~~~~~~~~~~~~~~~^~~~~~~~~~~~~~~~~~
[ 93%] Building CXX object CMakeFiles/m5tab5-gui-lib.dir/src/gui/firmware_manager.cpp.o
[ 95%] Building CXX object CMakeFiles/m5tab5-gui-lib.dir/src/gui/gui_stubs.cpp.o
[ 96%] Building CXX object CMakeFiles/m5tab5-gui-lib.dir/src/gui/main_window.cpp.o
In file included from /home/paqurin/Documents/PlatformIO/Projects/m5tab5-emulator/build-debug/_deps/spdlog-src/include/spdlog/fmt/fmt.h:27,
                 from /home/paqurin/Documents/PlatformIO/Projects/m5tab5-emulator/build-debug/_deps/spdlog-src/include/spdlog/common.h:50,
                 from /home/paqurin/Documents/PlatformIO/Projects/m5tab5-emulator/build-debug/_deps/spdlog-src/include/spdlog/spdlog.h:12,
                 from /home/paqurin/Documents/PlatformIO/Projects/m5tab5-emulator/include/emulator/utils/logging.hpp:5,
                 from /home/paqurin/Documents/PlatformIO/Projects/m5tab5-emulator/src/gui/main_window.cpp:3:
/home/paqurin/Documents/PlatformIO/Projects/m5tab5-emulator/build-debug/_deps/spdlog-src/include/spdlog/fmt/bundled/core.h: In instantiation of ‘constexpr fmt::v9::detail::value<Context> fmt::v9::detail::make_value(T&&) [with Context = fmt::v9::basic_format_context<fmt::v9::appender, char>; T = const std::__cxx11::basic_string<char>&]’:
/home/paqurin/Documents/PlatformIO/Projects/m5tab5-emulator/build-debug/_deps/spdlog-src/include/spdlog/fmt/bundled/core.h:1777:29:   required from ‘constexpr fmt::v9::detail::value<Context> fmt::v9::detail::make_arg(T&&) [with bool IS_PACKED = true; Context = fmt::v9::basic_format_context<fmt::v9::appender, char>; type <anonymous> = fmt::v9::detail::type::string_type; T = const std::__cxx11::basic_string<char>&; typename std::enable_if<IS_PACKED, int>::type <anonymous> = 0]’
 1777 |   return make_value<Context>(val);
      |          ~~~~~~~~~~~~~~~~~~~^~~~~
/home/paqurin/Documents/PlatformIO/Projects/m5tab5-emulator/build-debug/_deps/spdlog-src/include/spdlog/fmt/bundled/core.h:1901:77:   required from ‘constexpr fmt::v9::format_arg_store<Context, Args>::format_arg_store(T&& ...) [with T = {const std::__cxx11::basic_string<char, std::char_traits<char>, std::allocator<char> >&}; Context = fmt::v9::basic_format_context<fmt::v9::appender, char>; Args = {std::__cxx11::basic_string<char, std::char_traits<char>, std::allocator<char> >}]’
 1899 |         data_{detail::make_arg<
      |               ~~~~~~~~~~~~~~~~~                                              
 1900 |             is_packed, Context,
      |             ~~~~~~~~~~~~~~~~~~~                                              
 1901 |             detail::mapped_type_constant<remove_cvref_t<T>, Context>::value>(
      |             ~~~~~~~~~~~~~~~~~~~~~~~~~~~~~~~~~~~~~~~~~~~~~~~~~~~~~~~~~~~~~~~~^
 1902 |             FMT_FORWARD(args))...} {
      |             ~~~~~~~~~~~~~~~~~~                                               
/home/paqurin/Documents/PlatformIO/Projects/m5tab5-emulator/build-debug/_deps/spdlog-src/include/spdlog/fmt/bundled/core.h:1918:31:   required from ‘void spdlog::logger::log_(spdlog::source_loc, spdlog::level::level_enum, spdlog::string_view_t, Args&& ...) [with Args = {const std::__cxx11::basic_string<char, std::char_traits<char>, std::allocator<char> >&}; spdlog::string_view_t = fmt::v9::basic_string_view<char>]’
 1918 |   return {FMT_FORWARD(args)...};
      |                               ^
/home/paqurin/Documents/PlatformIO/Projects/m5tab5-emulator/build-debug/_deps/spdlog-src/include/spdlog/logger.h:90:13:   required from ‘void spdlog::logger::log(spdlog::source_loc, spdlog::level::level_enum, fmt::v9::format_string<T ...>, Args&& ...) [with Args = {const std::__cxx11::basic_string<char, std::char_traits<char>, std::allocator<char> >&}; fmt::v9::format_string<T ...> = fmt::v9::basic_format_string<char, const std::__cxx11::basic_string<char, std::char_traits<char>, std::allocator<char> >&>]’
   90 |         log_(loc, lvl, details::to_string_view(fmt), std::forward<Args>(args)...);
      |         ~~~~^~~~~~~~~~~~~~~~~~~~~~~~~~~~~~~~~~~~~~~~~~~~~~~~~~~~~~~~~~~~~~~~~~~~~
/home/paqurin/Documents/PlatformIO/Projects/m5tab5-emulator/build-debug/_deps/spdlog-src/include/spdlog/logger.h:96:12:   required from ‘void spdlog::logger::log(spdlog::level::level_enum, fmt::v9::format_string<T ...>, Args&& ...) [with Args = {const std::__cxx11::basic_string<char, std::char_traits<char>, std::allocator<char> >&}; fmt::v9::format_string<T ...> = fmt::v9::basic_format_string<char, const std::__cxx11::basic_string<char, std::char_traits<char>, std::allocator<char> >&>]’
   96 |         log(source_loc{}, lvl, fmt, std::forward<Args>(args)...);
      |         ~~~^~~~~~~~~~~~~~~~~~~~~~~~~~~~~~~~~~~~~~~~~~~~~~~~~~~~~
/home/paqurin/Documents/PlatformIO/Projects/m5tab5-emulator/build-debug/_deps/spdlog-src/include/spdlog/logger.h:152:12:   required from ‘void spdlog::logger::debug(fmt::v9::format_string<T ...>, Args&& ...) [with Args = {const std::__cxx11::basic_string<char, std::char_traits<char>, std::allocator<char> >&}; fmt::v9::format_string<T ...> = fmt::v9::basic_format_string<char, const std::__cxx11::basic_string<char, std::char_traits<char>, std::allocator<char> >&>]’
  152 |         log(level::debug, fmt, std::forward<Args>(args)...);
      |         ~~~^~~~~~~~~~~~~~~~~~~~~~~~~~~~~~~~~~~~~~~~~~~~~~~~
/home/paqurin/Documents/PlatformIO/Projects/m5tab5-emulator/include/emulator/utils/logging.hpp:52:26:   required from ‘static void m5tab5::emulator::Logger::debug(const std::string&, Args&& ...) [with Args = {const std::__cxx11::basic_string<char, std::char_traits<char>, std::allocator<char> >&}; std::string = std::__cxx11::basic_string<char>]’
   52 |             logger->debug(fmt::runtime(format), std::forward<Args>(args)...);
      |             ~~~~~~~~~~~~~^~~~~~~~~~~~~~~~~~~~~~~~~~~~~~~~~~~~~~~~~~~~~~~~~~~
/home/paqurin/Documents/PlatformIO/Projects/m5tab5-emulator/src/gui/main_window.cpp:106:5:   required from here
  129 | #define LOG_DEBUG(...) ::m5tab5::emulator::Logger::debug(__VA_ARGS__)
      |                        ~~~~~~~~~~~~~~~~~~~~~~~~~~~~~~~~~^~~~~~~~~~~~~
/home/paqurin/Documents/PlatformIO/Projects/m5tab5-emulator/build-debug/_deps/spdlog-src/include/spdlog/logger.h:374:75:   in ‘constexpr’ expansion of ‘fmt::v9::make_format_args<>(args#0)’
/home/paqurin/Documents/PlatformIO/Projects/m5tab5-emulator/build-debug/_deps/spdlog-src/include/spdlog/fmt/bundled/core.h:1735:15: warning: possibly dangling reference to a temporary [-Wdangling-reference]
 1735 |   const auto& arg = arg_mapper<Context>().map(FMT_FORWARD(val));
      |               ^~~
/home/paqurin/Documents/PlatformIO/Projects/m5tab5-emulator/build-debug/_deps/spdlog-src/include/spdlog/fmt/bundled/core.h:1735:46: note: the temporary was destroyed at the end of the full expression ‘fmt::v9::detail::arg_mapper<fmt::v9::basic_format_context<fmt::v9::appender, char> >().fmt::v9::detail::arg_mapper<fmt::v9::basic_format_context<fmt::v9::appender, char> >::map<std::__cxx11::basic_string<char> >((* & val))’
 1735 |   const auto& arg = arg_mapper<Context>().map(FMT_FORWARD(val));
      |                     ~~~~~~~~~~~~~~~~~~~~~~~~~^~~~~~~~~~~~~~~~~~
[ 97%] Building CXX object CMakeFiles/m5tab5-gui-lib.dir/src/gui/menu_bar.cpp.o
In file included from /home/paqurin/Documents/PlatformIO/Projects/m5tab5-emulator/build-debug/_deps/spdlog-src/include/spdlog/fmt/fmt.h:27,
                 from /home/paqurin/Documents/PlatformIO/Projects/m5tab5-emulator/build-debug/_deps/spdlog-src/include/spdlog/common.h:50,
                 from /home/paqurin/Documents/PlatformIO/Projects/m5tab5-emulator/build-debug/_deps/spdlog-src/include/spdlog/spdlog.h:12,
                 from /home/paqurin/Documents/PlatformIO/Projects/m5tab5-emulator/include/emulator/utils/logging.hpp:5,
                 from /home/paqurin/Documents/PlatformIO/Projects/m5tab5-emulator/src/gui/menu_bar.cpp:4:
/home/paqurin/Documents/PlatformIO/Projects/m5tab5-emulator/build-debug/_deps/spdlog-src/include/spdlog/fmt/bundled/core.h: In instantiation of ‘constexpr fmt::v9::detail::value<Context> fmt::v9::detail::make_value(T&&) [with Context = fmt::v9::basic_format_context<fmt::v9::appender, char>; T = std::__cxx11::basic_string<char>&]’:
/home/paqurin/Documents/PlatformIO/Projects/m5tab5-emulator/build-debug/_deps/spdlog-src/include/spdlog/fmt/bundled/core.h:1777:29:   required from ‘constexpr fmt::v9::detail::value<Context> fmt::v9::detail::make_arg(T&&) [with bool IS_PACKED = true; Context = fmt::v9::basic_format_context<fmt::v9::appender, char>; type <anonymous> = fmt::v9::detail::type::string_type; T = std::__cxx11::basic_string<char>&; typename std::enable_if<IS_PACKED, int>::type <anonymous> = 0]’
 1777 |   return make_value<Context>(val);
      |          ~~~~~~~~~~~~~~~~~~~^~~~~
/home/paqurin/Documents/PlatformIO/Projects/m5tab5-emulator/build-debug/_deps/spdlog-src/include/spdlog/fmt/bundled/core.h:1901:77:   required from ‘constexpr fmt::v9::format_arg_store<Context, Args>::format_arg_store(T&& ...) [with T = {std::__cxx11::basic_string<char, std::char_traits<char>, std::allocator<char> >&}; Context = fmt::v9::basic_format_context<fmt::v9::appender, char>; Args = {std::__cxx11::basic_string<char, std::char_traits<char>, std::allocator<char> >}]’
 1899 |         data_{detail::make_arg<
      |               ~~~~~~~~~~~~~~~~~                                              
 1900 |             is_packed, Context,
      |             ~~~~~~~~~~~~~~~~~~~                                              
 1901 |             detail::mapped_type_constant<remove_cvref_t<T>, Context>::value>(
      |             ~~~~~~~~~~~~~~~~~~~~~~~~~~~~~~~~~~~~~~~~~~~~~~~~~~~~~~~~~~~~~~~~^
 1902 |             FMT_FORWARD(args))...} {
      |             ~~~~~~~~~~~~~~~~~~                                               
/home/paqurin/Documents/PlatformIO/Projects/m5tab5-emulator/build-debug/_deps/spdlog-src/include/spdlog/fmt/bundled/core.h:1918:31:   required from ‘void spdlog::logger::log_(spdlog::source_loc, spdlog::level::level_enum, spdlog::string_view_t, Args&& ...) [with Args = {std::__cxx11::basic_string<char, std::char_traits<char>, std::allocator<char> >&}; spdlog::string_view_t = fmt::v9::basic_string_view<char>]’
 1918 |   return {FMT_FORWARD(args)...};
      |                               ^
/home/paqurin/Documents/PlatformIO/Projects/m5tab5-emulator/build-debug/_deps/spdlog-src/include/spdlog/logger.h:90:13:   required from ‘void spdlog::logger::log(spdlog::source_loc, spdlog::level::level_enum, fmt::v9::format_string<T ...>, Args&& ...) [with Args = {std::__cxx11::basic_string<char, std::char_traits<char>, std::allocator<char> >&}; fmt::v9::format_string<T ...> = fmt::v9::basic_format_string<char, std::__cxx11::basic_string<char, std::char_traits<char>, std::allocator<char> >&>]’
   90 |         log_(loc, lvl, details::to_string_view(fmt), std::forward<Args>(args)...);
      |         ~~~~^~~~~~~~~~~~~~~~~~~~~~~~~~~~~~~~~~~~~~~~~~~~~~~~~~~~~~~~~~~~~~~~~~~~~
/home/paqurin/Documents/PlatformIO/Projects/m5tab5-emulator/build-debug/_deps/spdlog-src/include/spdlog/logger.h:96:12:   required from ‘void spdlog::logger::log(spdlog::level::level_enum, fmt::v9::format_string<T ...>, Args&& ...) [with Args = {std::__cxx11::basic_string<char, std::char_traits<char>, std::allocator<char> >&}; fmt::v9::format_string<T ...> = fmt::v9::basic_format_string<char, std::__cxx11::basic_string<char, std::char_traits<char>, std::allocator<char> >&>]’
   96 |         log(source_loc{}, lvl, fmt, std::forward<Args>(args)...);
      |         ~~~^~~~~~~~~~~~~~~~~~~~~~~~~~~~~~~~~~~~~~~~~~~~~~~~~~~~~
/home/paqurin/Documents/PlatformIO/Projects/m5tab5-emulator/build-debug/_deps/spdlog-src/include/spdlog/logger.h:152:12:   required from ‘void spdlog::logger::debug(fmt::v9::format_string<T ...>, Args&& ...) [with Args = {std::__cxx11::basic_string<char, std::char_traits<char>, std::allocator<char> >&}; fmt::v9::format_string<T ...> = fmt::v9::basic_format_string<char, std::__cxx11::basic_string<char, std::char_traits<char>, std::allocator<char> >&>]’
  152 |         log(level::debug, fmt, std::forward<Args>(args)...);
      |         ~~~^~~~~~~~~~~~~~~~~~~~~~~~~~~~~~~~~~~~~~~~~~~~~~~~
/home/paqurin/Documents/PlatformIO/Projects/m5tab5-emulator/include/emulator/utils/logging.hpp:52:26:   required from ‘static void m5tab5::emulator::Logger::debug(const std::string&, Args&& ...) [with Args = {std::__cxx11::basic_string<char, std::char_traits<char>, std::allocator<char> >&}; std::string = std::__cxx11::basic_string<char>]’
   52 |             logger->debug(fmt::runtime(format), std::forward<Args>(args)...);
      |             ~~~~~~~~~~~~~^~~~~~~~~~~~~~~~~~~~~~~~~~~~~~~~~~~~~~~~~~~~~~~~~~~
/home/paqurin/Documents/PlatformIO/Projects/m5tab5-emulator/src/gui/menu_bar.cpp:156:21:   required from here
  129 | #define LOG_DEBUG(...) ::m5tab5::emulator::Logger::debug(__VA_ARGS__)
      |                        ~~~~~~~~~~~~~~~~~~~~~~~~~~~~~~~~~^~~~~~~~~~~~~
/home/paqurin/Documents/PlatformIO/Projects/m5tab5-emulator/build-debug/_deps/spdlog-src/include/spdlog/logger.h:374:75:   in ‘constexpr’ expansion of ‘fmt::v9::make_format_args<>(args#0)’
/home/paqurin/Documents/PlatformIO/Projects/m5tab5-emulator/build-debug/_deps/spdlog-src/include/spdlog/fmt/bundled/core.h:1735:15: warning: possibly dangling reference to a temporary [-Wdangling-reference]
 1735 |   const auto& arg = arg_mapper<Context>().map(FMT_FORWARD(val));
      |               ^~~
/home/paqurin/Documents/PlatformIO/Projects/m5tab5-emulator/build-debug/_deps/spdlog-src/include/spdlog/fmt/bundled/core.h:1735:46: note: the temporary was destroyed at the end of the full expression ‘fmt::v9::detail::arg_mapper<fmt::v9::basic_format_context<fmt::v9::appender, char> >().fmt::v9::detail::arg_mapper<fmt::v9::basic_format_context<fmt::v9::appender, char> >::map<std::__cxx11::basic_string<char> >((*(const std::__cxx11::basic_string<char>*)(& val)))’
 1735 |   const auto& arg = arg_mapper<Context>().map(FMT_FORWARD(val));
      |                     ~~~~~~~~~~~~~~~~~~~~~~~~~^~~~~~~~~~~~~~~~~~
/home/paqurin/Documents/PlatformIO/Projects/m5tab5-emulator/build-debug/_deps/spdlog-src/include/spdlog/fmt/bundled/core.h: In instantiation of ‘constexpr fmt::v9::detail::value<Context> fmt::v9::detail::make_value(T&&) [with Context = fmt::v9::basic_format_context<fmt::v9::appender, char>; T = const std::__cxx11::basic_string<char>&]’:
/home/paqurin/Documents/PlatformIO/Projects/m5tab5-emulator/build-debug/_deps/spdlog-src/include/spdlog/fmt/bundled/core.h:1777:29:   required from ‘constexpr fmt::v9::detail::value<Context> fmt::v9::detail::make_arg(T&&) [with bool IS_PACKED = true; Context = fmt::v9::basic_format_context<fmt::v9::appender, char>; type <anonymous> = fmt::v9::detail::type::string_type; T = const std::__cxx11::basic_string<char>&; typename std::enable_if<IS_PACKED, int>::type <anonymous> = 0]’
 1777 |   return make_value<Context>(val);
      |          ~~~~~~~~~~~~~~~~~~~^~~~~
/home/paqurin/Documents/PlatformIO/Projects/m5tab5-emulator/build-debug/_deps/spdlog-src/include/spdlog/fmt/bundled/core.h:1901:77:   required from ‘constexpr fmt::v9::format_arg_store<Context, Args>::format_arg_store(T&& ...) [with T = {const std::__cxx11::basic_string<char, std::char_traits<char>, std::allocator<char> >&, const std::__cxx11::basic_string<char, std::char_traits<char>, std::allocator<char> >&}; Context = fmt::v9::basic_format_context<fmt::v9::appender, char>; Args = {std::__cxx11::basic_string<char, std::char_traits<char>, std::allocator<char> >, std::__cxx11::basic_string<char, std::char_traits<char>, std::allocator<char> >}]’
 1899 |         data_{detail::make_arg<
      |               ~~~~~~~~~~~~~~~~~                                              
 1900 |             is_packed, Context,
      |             ~~~~~~~~~~~~~~~~~~~                                              
 1901 |             detail::mapped_type_constant<remove_cvref_t<T>, Context>::value>(
      |             ~~~~~~~~~~~~~~~~~~~~~~~~~~~~~~~~~~~~~~~~~~~~~~~~~~~~~~~~~~~~~~~~^
 1902 |             FMT_FORWARD(args))...} {
      |             ~~~~~~~~~~~~~~~~~~                                               
/home/paqurin/Documents/PlatformIO/Projects/m5tab5-emulator/build-debug/_deps/spdlog-src/include/spdlog/fmt/bundled/core.h:1918:31:   required from ‘void spdlog::logger::log_(spdlog::source_loc, spdlog::level::level_enum, spdlog::string_view_t, Args&& ...) [with Args = {const std::__cxx11::basic_string<char, std::char_traits<char>, std::allocator<char> >&, const std::__cxx11::basic_string<char, std::char_traits<char>, std::allocator<char> >&}; spdlog::string_view_t = fmt::v9::basic_string_view<char>]’
 1918 |   return {FMT_FORWARD(args)...};
      |                               ^
/home/paqurin/Documents/PlatformIO/Projects/m5tab5-emulator/build-debug/_deps/spdlog-src/include/spdlog/logger.h:90:13:   required from ‘void spdlog::logger::log(spdlog::source_loc, spdlog::level::level_enum, fmt::v9::format_string<T ...>, Args&& ...) [with Args = {const std::__cxx11::basic_string<char, std::char_traits<char>, std::allocator<char> >&, const std::__cxx11::basic_string<char, std::char_traits<char>, std::allocator<char> >&}; fmt::v9::format_string<T ...> = fmt::v9::basic_format_string<char, const std::__cxx11::basic_string<char, std::char_traits<char>, std::allocator<char> >&, const std::__cxx11::basic_string<char, std::char_traits<char>, std::allocator<char> >&>]’
   90 |         log_(loc, lvl, details::to_string_view(fmt), std::forward<Args>(args)...);
      |         ~~~~^~~~~~~~~~~~~~~~~~~~~~~~~~~~~~~~~~~~~~~~~~~~~~~~~~~~~~~~~~~~~~~~~~~~~
/home/paqurin/Documents/PlatformIO/Projects/m5tab5-emulator/build-debug/_deps/spdlog-src/include/spdlog/logger.h:96:12:   required from ‘void spdlog::logger::log(spdlog::level::level_enum, fmt::v9::format_string<T ...>, Args&& ...) [with Args = {const std::__cxx11::basic_string<char, std::char_traits<char>, std::allocator<char> >&, const std::__cxx11::basic_string<char, std::char_traits<char>, std::allocator<char> >&}; fmt::v9::format_string<T ...> = fmt::v9::basic_format_string<char, const std::__cxx11::basic_string<char, std::char_traits<char>, std::allocator<char> >&, const std::__cxx11::basic_string<char, std::char_traits<char>, std::allocator<char> >&>]’
   96 |         log(source_loc{}, lvl, fmt, std::forward<Args>(args)...);
      |         ~~~^~~~~~~~~~~~~~~~~~~~~~~~~~~~~~~~~~~~~~~~~~~~~~~~~~~~~
/home/paqurin/Documents/PlatformIO/Projects/m5tab5-emulator/build-debug/_deps/spdlog-src/include/spdlog/logger.h:158:12:   required from ‘void spdlog::logger::info(fmt::v9::format_string<T ...>, Args&& ...) [with Args = {const std::__cxx11::basic_string<char, std::char_traits<char>, std::allocator<char> >&, const std::__cxx11::basic_string<char, std::char_traits<char>, std::allocator<char> >&}; fmt::v9::format_string<T ...> = fmt::v9::basic_format_string<char, const std::__cxx11::basic_string<char, std::char_traits<char>, std::allocator<char> >&, const std::__cxx11::basic_string<char, std::char_traits<char>, std::allocator<char> >&>]’
  158 |         log(level::info, fmt, std::forward<Args>(args)...);
      |         ~~~^~~~~~~~~~~~~~~~~~~~~~~~~~~~~~~~~~~~~~~~~~~~~~~
/home/paqurin/Documents/PlatformIO/Projects/m5tab5-emulator/include/emulator/utils/logging.hpp:66:25:   required from ‘static void m5tab5::emulator::Logger::info(const std::string&, Args&& ...) [with Args = {const std::__cxx11::basic_string<char, std::char_traits<char>, std::allocator<char> >&, const std::__cxx11::basic_string<char, std::char_traits<char>, std::allocator<char> >&}; std::string = std::__cxx11::basic_string<char>]’
   66 |             logger->info(fmt::runtime(format), std::forward<Args>(args)...);
      |             ~~~~~~~~~~~~^~~~~~~~~~~~~~~~~~~~~~~~~~~~~~~~~~~~~~~~~~~~~~~~~~~
/home/paqurin/Documents/PlatformIO/Projects/m5tab5-emulator/src/gui/menu_bar.cpp:489:5:   required from here
  130 | #define LOG_INFO(...) ::m5tab5::emulator::Logger::info(__VA_ARGS__)
      |                       ~~~~~~~~~~~~~~~~~~~~~~~~~~~~~~~~^~~~~~~~~~~~~
/home/paqurin/Documents/PlatformIO/Projects/m5tab5-emulator/build-debug/_deps/spdlog-src/include/spdlog/logger.h:374:75:   in ‘constexpr’ expansion of ‘fmt::v9::make_format_args<>(args#0, args#1)’
/home/paqurin/Documents/PlatformIO/Projects/m5tab5-emulator/build-debug/_deps/spdlog-src/include/spdlog/fmt/bundled/core.h:1735:15: warning: possibly dangling reference to a temporary [-Wdangling-reference]
 1735 |   const auto& arg = arg_mapper<Context>().map(FMT_FORWARD(val));
      |               ^~~
/home/paqurin/Documents/PlatformIO/Projects/m5tab5-emulator/build-debug/_deps/spdlog-src/include/spdlog/fmt/bundled/core.h:1735:46: note: the temporary was destroyed at the end of the full expression ‘fmt::v9::detail::arg_mapper<fmt::v9::basic_format_context<fmt::v9::appender, char> >().fmt::v9::detail::arg_mapper<fmt::v9::basic_format_context<fmt::v9::appender, char> >::map<std::__cxx11::basic_string<char> >((* & val))’
 1735 |   const auto& arg = arg_mapper<Context>().map(FMT_FORWARD(val));
      |                     ~~~~~~~~~~~~~~~~~~~~~~~~~^~~~~~~~~~~~~~~~~~
[ 98%] Building CXX object CMakeFiles/m5tab5-gui-lib.dir/src/gui/personality_manager.cpp.o
/home/paqurin/Documents/PlatformIO/Projects/m5tab5-emulator/src/gui/personality_manager.cpp: In member function ‘void m5tab5::emulator::gui::PersonalityManager::update_boot_sequence()’:
/home/paqurin/Documents/PlatformIO/Projects/m5tab5-emulator/src/gui/personality_manager.cpp:86:61: warning: comparison of integer expressions of different signedness: ‘long int’ and ‘std::vector<std::__cxx11::basic_string<char> >::size_type’ {aka ‘long unsigned int’} [-Wsign-compare]
   86 |     if (boot_stage_ >= boot_messages_.size() - 1 && elapsed > boot_messages_.size() * 800) {
      |                                                     ~~~~~~~~^~~~~~~~~~~~~~~~~~~~~~~~~~~~~
/home/paqurin/Documents/PlatformIO/Projects/m5tab5-emulator/src/gui/personality_manager.cpp: In member function ‘void m5tab5::emulator::gui::PersonalityManager::update_particles()’:
/home/paqurin/Documents/PlatformIO/Projects/m5tab5-emulator/src/gui/personality_manager.cpp:417:23: warning: unused variable ‘alpha’ [-Wunused-variable]
  417 |                 float alpha = particle.life / 0.5f;
      |                       ^~~~~
In file included from /home/paqurin/Documents/PlatformIO/Projects/m5tab5-emulator/build-debug/_deps/spdlog-src/include/spdlog/fmt/fmt.h:27,
                 from /home/paqurin/Documents/PlatformIO/Projects/m5tab5-emulator/build-debug/_deps/spdlog-src/include/spdlog/common.h:50,
                 from /home/paqurin/Documents/PlatformIO/Projects/m5tab5-emulator/build-debug/_deps/spdlog-src/include/spdlog/spdlog.h:12,
                 from /home/paqurin/Documents/PlatformIO/Projects/m5tab5-emulator/include/emulator/utils/logging.hpp:5,
                 from /home/paqurin/Documents/PlatformIO/Projects/m5tab5-emulator/src/gui/personality_manager.cpp:2:
/home/paqurin/Documents/PlatformIO/Projects/m5tab5-emulator/build-debug/_deps/spdlog-src/include/spdlog/fmt/bundled/core.h: In instantiation of ‘constexpr fmt::v9::detail::value<Context> fmt::v9::detail::make_value(T&&) [with Context = fmt::v9::basic_format_context<fmt::v9::appender, char>; T = std::__cxx11::basic_string<char>&]’:
/home/paqurin/Documents/PlatformIO/Projects/m5tab5-emulator/build-debug/_deps/spdlog-src/include/spdlog/fmt/bundled/core.h:1777:29:   required from ‘constexpr fmt::v9::detail::value<Context> fmt::v9::detail::make_arg(T&&) [with bool IS_PACKED = true; Context = fmt::v9::basic_format_context<fmt::v9::appender, char>; type <anonymous> = fmt::v9::detail::type::string_type; T = std::__cxx11::basic_string<char>&; typename std::enable_if<IS_PACKED, int>::type <anonymous> = 0]’
 1777 |   return make_value<Context>(val);
      |          ~~~~~~~~~~~~~~~~~~~^~~~~
/home/paqurin/Documents/PlatformIO/Projects/m5tab5-emulator/build-debug/_deps/spdlog-src/include/spdlog/fmt/bundled/core.h:1901:77:   required from ‘constexpr fmt::v9::format_arg_store<Context, Args>::format_arg_store(T&& ...) [with T = {long unsigned int&, std::__cxx11::basic_string<char, std::char_traits<char>, std::allocator<char> >&}; Context = fmt::v9::basic_format_context<fmt::v9::appender, char>; Args = {long unsigned int, std::__cxx11::basic_string<char, std::char_traits<char>, std::allocator<char> >}]’
 1899 |         data_{detail::make_arg<
      |               ~~~~~~~~~~~~~~~~~                                              
 1900 |             is_packed, Context,
      |             ~~~~~~~~~~~~~~~~~~~                                              
 1901 |             detail::mapped_type_constant<remove_cvref_t<T>, Context>::value>(
      |             ~~~~~~~~~~~~~~~~~~~~~~~~~~~~~~~~~~~~~~~~~~~~~~~~~~~~~~~~~~~~~~~~^
 1902 |             FMT_FORWARD(args))...} {
      |             ~~~~~~~~~~~~~~~~~~                                               
/home/paqurin/Documents/PlatformIO/Projects/m5tab5-emulator/build-debug/_deps/spdlog-src/include/spdlog/fmt/bundled/core.h:1918:31:   required from ‘void spdlog::logger::log_(spdlog::source_loc, spdlog::level::level_enum, spdlog::string_view_t, Args&& ...) [with Args = {long unsigned int&, std::__cxx11::basic_string<char, std::char_traits<char>, std::allocator<char> >&}; spdlog::string_view_t = fmt::v9::basic_string_view<char>]’
 1918 |   return {FMT_FORWARD(args)...};
      |                               ^
/home/paqurin/Documents/PlatformIO/Projects/m5tab5-emulator/build-debug/_deps/spdlog-src/include/spdlog/logger.h:90:13:   required from ‘void spdlog::logger::log(spdlog::source_loc, spdlog::level::level_enum, fmt::v9::format_string<T ...>, Args&& ...) [with Args = {long unsigned int&, std::__cxx11::basic_string<char, std::char_traits<char>, std::allocator<char> >&}; fmt::v9::format_string<T ...> = fmt::v9::basic_format_string<char, long unsigned int&, std::__cxx11::basic_string<char, std::char_traits<char>, std::allocator<char> >&>]’
   90 |         log_(loc, lvl, details::to_string_view(fmt), std::forward<Args>(args)...);
      |         ~~~~^~~~~~~~~~~~~~~~~~~~~~~~~~~~~~~~~~~~~~~~~~~~~~~~~~~~~~~~~~~~~~~~~~~~~
/home/paqurin/Documents/PlatformIO/Projects/m5tab5-emulator/build-debug/_deps/spdlog-src/include/spdlog/logger.h:96:12:   required from ‘void spdlog::logger::log(spdlog::level::level_enum, fmt::v9::format_string<T ...>, Args&& ...) [with Args = {long unsigned int&, std::__cxx11::basic_string<char, std::char_traits<char>, std::allocator<char> >&}; fmt::v9::format_string<T ...> = fmt::v9::basic_format_string<char, long unsigned int&, std::__cxx11::basic_string<char, std::char_traits<char>, std::allocator<char> >&>]’
   96 |         log(source_loc{}, lvl, fmt, std::forward<Args>(args)...);
      |         ~~~^~~~~~~~~~~~~~~~~~~~~~~~~~~~~~~~~~~~~~~~~~~~~~~~~~~~~
/home/paqurin/Documents/PlatformIO/Projects/m5tab5-emulator/build-debug/_deps/spdlog-src/include/spdlog/logger.h:158:12:   required from ‘void spdlog::logger::info(fmt::v9::format_string<T ...>, Args&& ...) [with Args = {long unsigned int&, std::__cxx11::basic_string<char, std::char_traits<char>, std::allocator<char> >&}; fmt::v9::format_string<T ...> = fmt::v9::basic_format_string<char, long unsigned int&, std::__cxx11::basic_string<char, std::char_traits<char>, std::allocator<char> >&>]’
  158 |         log(level::info, fmt, std::forward<Args>(args)...);
      |         ~~~^~~~~~~~~~~~~~~~~~~~~~~~~~~~~~~~~~~~~~~~~~~~~~~
/home/paqurin/Documents/PlatformIO/Projects/m5tab5-emulator/include/emulator/utils/logging.hpp:66:25:   required from ‘static void m5tab5::emulator::Logger::info(const std::string&, Args&& ...) [with Args = {long unsigned int&, std::__cxx11::basic_string<char, std::char_traits<char>, std::allocator<char> >&}; std::string = std::__cxx11::basic_string<char>]’
   66 |             logger->info(fmt::runtime(format), std::forward<Args>(args)...);
      |             ~~~~~~~~~~~~^~~~~~~~~~~~~~~~~~~~~~~~~~~~~~~~~~~~~~~~~~~~~~~~~~~
/home/paqurin/Documents/PlatformIO/Projects/m5tab5-emulator/src/gui/personality_manager.cpp:77:9:   required from here
  130 | #define LOG_INFO(...) ::m5tab5::emulator::Logger::info(__VA_ARGS__)
      |                       ~~~~~~~~~~~~~~~~~~~~~~~~~~~~~~~~^~~~~~~~~~~~~
/home/paqurin/Documents/PlatformIO/Projects/m5tab5-emulator/build-debug/_deps/spdlog-src/include/spdlog/logger.h:374:75:   in ‘constexpr’ expansion of ‘fmt::v9::make_format_args<>(args#0, args#1)’
/home/paqurin/Documents/PlatformIO/Projects/m5tab5-emulator/build-debug/_deps/spdlog-src/include/spdlog/fmt/bundled/core.h:1735:15: warning: possibly dangling reference to a temporary [-Wdangling-reference]
 1735 |   const auto& arg = arg_mapper<Context>().map(FMT_FORWARD(val));
      |               ^~~
/home/paqurin/Documents/PlatformIO/Projects/m5tab5-emulator/build-debug/_deps/spdlog-src/include/spdlog/fmt/bundled/core.h:1735:46: note: the temporary was destroyed at the end of the full expression ‘fmt::v9::detail::arg_mapper<fmt::v9::basic_format_context<fmt::v9::appender, char> >().fmt::v9::detail::arg_mapper<fmt::v9::basic_format_context<fmt::v9::appender, char> >::map<std::__cxx11::basic_string<char> >((*(const std::__cxx11::basic_string<char>*)(& val)))’
 1735 |   const auto& arg = arg_mapper<Context>().map(FMT_FORWARD(val));
      |                     ~~~~~~~~~~~~~~~~~~~~~~~~~^~~~~~~~~~~~~~~~~~
/home/paqurin/Documents/PlatformIO/Projects/m5tab5-emulator/build-debug/_deps/spdlog-src/include/spdlog/fmt/bundled/core.h: In instantiation of ‘constexpr fmt::v9::detail::value<Context> fmt::v9::detail::make_value(T&&) [with Context = fmt::v9::basic_format_context<fmt::v9::appender, char>; T = const std::__cxx11::basic_string<char>&]’:
/home/paqurin/Documents/PlatformIO/Projects/m5tab5-emulator/build-debug/_deps/spdlog-src/include/spdlog/fmt/bundled/core.h:1777:29:   required from ‘constexpr fmt::v9::detail::value<Context> fmt::v9::detail::make_arg(T&&) [with bool IS_PACKED = true; Context = fmt::v9::basic_format_context<fmt::v9::appender, char>; type <anonymous> = fmt::v9::detail::type::string_type; T = const std::__cxx11::basic_string<char>&; typename std::enable_if<IS_PACKED, int>::type <anonymous> = 0]’
 1777 |   return make_value<Context>(val);
      |          ~~~~~~~~~~~~~~~~~~~^~~~~
/home/paqurin/Documents/PlatformIO/Projects/m5tab5-emulator/build-debug/_deps/spdlog-src/include/spdlog/fmt/bundled/core.h:1901:77:   required from ‘constexpr fmt::v9::format_arg_store<Context, Args>::format_arg_store(T&& ...) [with T = {const std::__cxx11::basic_string<char, std::char_traits<char>, std::allocator<char> >&}; Context = fmt::v9::basic_format_context<fmt::v9::appender, char>; Args = {std::__cxx11::basic_string<char, std::char_traits<char>, std::allocator<char> >}]’
 1899 |         data_{detail::make_arg<
      |               ~~~~~~~~~~~~~~~~~                                              
 1900 |             is_packed, Context,
      |             ~~~~~~~~~~~~~~~~~~~                                              
 1901 |             detail::mapped_type_constant<remove_cvref_t<T>, Context>::value>(
      |             ~~~~~~~~~~~~~~~~~~~~~~~~~~~~~~~~~~~~~~~~~~~~~~~~~~~~~~~~~~~~~~~~^
 1902 |             FMT_FORWARD(args))...} {
      |             ~~~~~~~~~~~~~~~~~~                                               
/home/paqurin/Documents/PlatformIO/Projects/m5tab5-emulator/build-debug/_deps/spdlog-src/include/spdlog/fmt/bundled/core.h:1918:31:   required from ‘void spdlog::logger::log_(spdlog::source_loc, spdlog::level::level_enum, spdlog::string_view_t, Args&& ...) [with Args = {const std::__cxx11::basic_string<char, std::char_traits<char>, std::allocator<char> >&}; spdlog::string_view_t = fmt::v9::basic_string_view<char>]’
 1918 |   return {FMT_FORWARD(args)...};
      |                               ^
/home/paqurin/Documents/PlatformIO/Projects/m5tab5-emulator/build-debug/_deps/spdlog-src/include/spdlog/logger.h:90:13:   required from ‘void spdlog::logger::log(spdlog::source_loc, spdlog::level::level_enum, fmt::v9::format_string<T ...>, Args&& ...) [with Args = {const std::__cxx11::basic_string<char, std::char_traits<char>, std::allocator<char> >&}; fmt::v9::format_string<T ...> = fmt::v9::basic_format_string<char, const std::__cxx11::basic_string<char, std::char_traits<char>, std::allocator<char> >&>]’
   90 |         log_(loc, lvl, details::to_string_view(fmt), std::forward<Args>(args)...);
      |         ~~~~^~~~~~~~~~~~~~~~~~~~~~~~~~~~~~~~~~~~~~~~~~~~~~~~~~~~~~~~~~~~~~~~~~~~~
/home/paqurin/Documents/PlatformIO/Projects/m5tab5-emulator/build-debug/_deps/spdlog-src/include/spdlog/logger.h:96:12:   required from ‘void spdlog::logger::log(spdlog::level::level_enum, fmt::v9::format_string<T ...>, Args&& ...) [with Args = {const std::__cxx11::basic_string<char, std::char_traits<char>, std::allocator<char> >&}; fmt::v9::format_string<T ...> = fmt::v9::basic_format_string<char, const std::__cxx11::basic_string<char, std::char_traits<char>, std::allocator<char> >&>]’
   96 |         log(source_loc{}, lvl, fmt, std::forward<Args>(args)...);
      |         ~~~^~~~~~~~~~~~~~~~~~~~~~~~~~~~~~~~~~~~~~~~~~~~~~~~~~~~~
/home/paqurin/Documents/PlatformIO/Projects/m5tab5-emulator/build-debug/_deps/spdlog-src/include/spdlog/logger.h:164:12:   required from ‘void spdlog::logger::warn(fmt::v9::format_string<T ...>, Args&& ...) [with Args = {const std::__cxx11::basic_string<char, std::char_traits<char>, std::allocator<char> >&}; fmt::v9::format_string<T ...> = fmt::v9::basic_format_string<char, const std::__cxx11::basic_string<char, std::char_traits<char>, std::allocator<char> >&>]’
  164 |         log(level::warn, fmt, std::forward<Args>(args)...);
      |         ~~~^~~~~~~~~~~~~~~~~~~~~~~~~~~~~~~~~~~~~~~~~~~~~~~
/home/paqurin/Documents/PlatformIO/Projects/m5tab5-emulator/include/emulator/utils/logging.hpp:80:25:   required from ‘static void m5tab5::emulator::Logger::warn(const std::string&, Args&& ...) [with Args = {const std::__cxx11::basic_string<char, std::char_traits<char>, std::allocator<char> >&}; std::string = std::__cxx11::basic_string<char>]’
   80 |             logger->warn(fmt::runtime(format), std::forward<Args>(args)...);
      |             ~~~~~~~~~~~~^~~~~~~~~~~~~~~~~~~~~~~~~~~~~~~~~~~~~~~~~~~~~~~~~~~
/home/paqurin/Documents/PlatformIO/Projects/m5tab5-emulator/src/gui/personality_manager.cpp:147:9:   required from here
  131 | #define LOG_WARN(...) ::m5tab5::emulator::Logger::warn(__VA_ARGS__)
      |                       ~~~~~~~~~~~~~~~~~~~~~~~~~~~~~~~~^~~~~~~~~~~~~
/home/paqurin/Documents/PlatformIO/Projects/m5tab5-emulator/build-debug/_deps/spdlog-src/include/spdlog/logger.h:374:75:   in ‘constexpr’ expansion of ‘fmt::v9::make_format_args<>(args#0)’
/home/paqurin/Documents/PlatformIO/Projects/m5tab5-emulator/build-debug/_deps/spdlog-src/include/spdlog/fmt/bundled/core.h:1735:15: warning: possibly dangling reference to a temporary [-Wdangling-reference]
 1735 |   const auto& arg = arg_mapper<Context>().map(FMT_FORWARD(val));
      |               ^~~
/home/paqurin/Documents/PlatformIO/Projects/m5tab5-emulator/build-debug/_deps/spdlog-src/include/spdlog/fmt/bundled/core.h:1735:46: note: the temporary was destroyed at the end of the full expression ‘fmt::v9::detail::arg_mapper<fmt::v9::basic_format_context<fmt::v9::appender, char> >().fmt::v9::detail::arg_mapper<fmt::v9::basic_format_context<fmt::v9::appender, char> >::map<std::__cxx11::basic_string<char> >((* & val))’
 1735 |   const auto& arg = arg_mapper<Context>().map(FMT_FORWARD(val));
      |                     ~~~~~~~~~~~~~~~~~~~~~~~~~^~~~~~~~~~~~~~~~~~
[100%] Linking CXX static library libm5tab5-gui-lib.a
[100%] Built target m5tab5-gui-lib
